#
# A fatal error has been detected by the Java Runtime Environment:
#
#  SIGSEGV (0xb) at pc=0x00007fd1a8aea444, pid=11111, tid=140538486327040
#
# JRE version: OpenJDK Runtime Environment (7.0_51) (build 1.7.0_51-b00)
# Java VM: OpenJDK 64-Bit Server VM (24.45-b08 mixed mode linux-amd64 compressed oops)
# Problematic frame:
# C  [libstdc++.so.6+0xc0444]  std::basic_string<wchar_t, std::char_traits<wchar_t>, std::allocator<wchar_t> >::assign(std::basic_string<wchar_t, std::char_traits<wchar_t>, std::allocator<wchar_t> > const&)+0x24
#
# Failed to write core dump. Core dumps have been disabled. To enable core dumping, try "ulimit -c unlimited" before starting Java again
#
# If you would like to submit a bug report, please include
# instructions on how to reproduce the bug and visit:
#   http://icedtea.classpath.org/bugzilla
# The crash happened outside the Java Virtual Machine in native code.
# See problematic frame for where to report the bug.
#

---------------  T H R E A D  ---------------

Current thread (0x00007fd1a400a000):  JavaThread "main" [_thread_in_native, id=11115, stack(0x00007fd1aa7e0000,0x00007fd1aa8e1000)]

siginfo:si_signo=SIGSEGV: si_errno=0, si_code=1 (SEGV_MAPERR), si_addr=0x0000000000000018

Registers:
RAX=0x0000000000000020, RBX=0x00007fd1592f47d0, RCX=0x00007fd1a4000020, RDX=0x00007fd1a8d2c4e0
RSP=0x00007fd1aa8df3b0, RBP=0x00007fd163ce02a0, RSI=0x00007fd163ce02b0, RDI=0x0000000000000008
R8 =0x00007fd163ce02a0, R9 =0x0000000000000098, R10=0x000000000000000a, R11=0x00007fd1a4000078
R12=0x00007fd1592f4800, R13=0x000000077a4de1e0, R14=0x00007fd1aa8df638, R15=0x00007fd1a400a000
RIP=0x00007fd1a8aea444, EFLAGS=0x0000000000010287, CSGSFS=0x0000000000000033, ERR=0x0000000000000004
  TRAPNO=0x000000000000000e

Top of Stack: (sp=0x00007fd1aa8df3b0)
0x00007fd1aa8df3b0:   00007fd1aa8df4e0 00007fd1aa8df4d0
0x00007fd1aa8df3c0:   00007fd1aa8df4a0 00007fd1a4000020
0x00007fd1aa8df3d0:   0000000000000098 00007fd1592f47c0
0x00007fd1aa8df3e0:   00007fd163ce02a0 00007fd16a3e6919
0x00007fd1aa8df3f0:   00007fd1a400a000 00007fd1592f47c0
0x00007fd1aa8df400:   00007fd1592f47e8 00007fd16a3e6a31
0x00007fd1aa8df410:   00007fd1aa8df460 00007fd1592f47c0
0x00007fd1aa8df420:   00007fd1aa8df480 00007fd1592f47c0
0x00007fd1aa8df430:   000000077a4de1e0 00007fd198e5f425
0x00007fd1aa8df440:   00007fd1aa8df460 00007fd163ce02a0
0x00007fd1aa8df450:   00007fd1592f47c0 00007fd1aa8df4a7
0x00007fd1aa8df460:   00007fd1aa8df480 00007fd1592f47c0
0x00007fd1aa8df470:   0000000000000000 000000077a4de1e0
0x00007fd1aa8df480:   00007fd1aa8df4c0 00007fd198e5f774
0x00007fd1aa8df490:   00007fd163ce02a0 00007fd158949920
0x00007fd1aa8df4a0:   00007fd1aa8df4c0 00007fd1592f47b0
0x00007fd1aa8df4b0:   00007fd1a400ad70 000000077a4de1e0
0x00007fd1aa8df4c0:   00007fd1aa8df500 00007fd198e597dd
0x00007fd1aa8df4d0:   00007fd1aa8df500 00007fd163ce02a0
0x00007fd1aa8df4e0:   00007fd158949920 00007fd158949920
0x00007fd1aa8df4f0:   00007fd158949920 00007fd163ce0290
0x00007fd1aa8df500:   00007fd1aa8df520 00007fd198e51bcc
0x00007fd1aa8df510:   00007fd163ce02a0 00007fd158949920
0x00007fd1aa8df520:   00007fd1aa8df570 00007fd198e2b093
0x00007fd1aa8df530:   00007fd1aa8df610 00007fd163ce02a0
0x00007fd1aa8df540:   00007fd1aa8df628 00007fd158949920
0x00007fd1aa8df550:   00007fd1aa8df600 00007fd1a400a1d8
0x00007fd1aa8df560:   00007fd158949920 00007fd163ce02a0
0x00007fd1aa8df570:   00007fd1aa8df5f0 00007fd1a03a0cd8
0x00007fd1aa8df580:   00007fd1aa8df5b0 00007fd1a953624f
0x00007fd1aa8df590:   ffffffffffffffff 000000077a518a68
0x00007fd1aa8df5a0:   0000000000000000 00007fd1aa8df618 

Instructions: (pc=0x00007fd1a8aea444)
0x00007fd1a8aea424:   f0 48 89 6c 24 f8 48 83 ec 38 48 8b 06 48 8b 17
0x00007fd1a8aea434:   48 89 fb 48 8d 78 e8 48 83 ea 18 48 39 d7 74 1d
0x00007fd1a8aea444:   44 8b 40 f8 45 85 c0 78 2b 48 8b 2d f4 b5 22 00
0x00007fd1a8aea454:   48 39 ef 75 54 48 39 ea 75 36 48 89 03 48 89 d8 

Register to memory mapping:

RAX=0x0000000000000020 is an unknown value
RBX=0x00007fd1592f47d0 is an unknown value
RCX=0x00007fd1a4000020 is an unknown value
RDX=0x00007fd1a8d2c4e0: _ZNSbIwSt11char_traitsIwESaIwEE4_Rep20_S_empty_rep_storageE+0 in /usr/lib/x86_64-linux-gnu/libstdc++.so.6 at 0x00007fd1a8a2a000
RSP=0x00007fd1aa8df3b0 is pointing into the stack for thread: 0x00007fd1a400a000
RBP=0x00007fd163ce02a0 is an unknown value
RSI=0x00007fd163ce02b0 is an unknown value
RDI=0x0000000000000008 is an unknown value
R8 =0x00007fd163ce02a0 is an unknown value
R9 =0x0000000000000098 is an unknown value
R10=0x000000000000000a is an unknown value
R11=0x00007fd1a4000078 is an unknown value
R12=0x00007fd1592f4800 is an unknown value
R13=0x000000077a4de1e0 is an oop
{method} 
 - klass: {other class}
R14=0x00007fd1aa8df638 is pointing into the stack for thread: 0x00007fd1a400a000
R15=0x00007fd1a400a000 is a thread


Stack: [0x00007fd1aa7e0000,0x00007fd1aa8e1000],  sp=0x00007fd1aa8df3b0,  free space=1020k
Native frames: (J=compiled Java code, j=interpreted, Vv=VM code, C=native code)
C  [libstdc++.so.6+0xc0444]  std::basic_string<wchar_t, std::char_traits<wchar_t>, std::allocator<wchar_t> >::assign(std::basic_string<wchar_t, std::char_traits<wchar_t>, std::allocator<wchar_t> > const&)+0x24

Java frames: (J=compiled Java code, j=interpreted, Vv=VM code)
j  edu.upc.freeling.freelingJNI.ListWord_pushBack(JLedu/upc/freeling/ListWord;JLedu/upc/freeling/Word;)V+0
j  edu.upc.freeling.ListWord.pushBack(Ledu/upc/freeling/Word;)V+10
j  knOWLearn.Utils.Document.Document.tokenize()V+178
j  knOWLearn.Utils.Document.Document.<init>(Ljava/lang/String;Ljava/lang/String;)V+27
j  knOWLearn.Utils.Document.DocumentDataBase.processDocuments(Ljava/lang/String;)V+278
j  knOWLearn.Utils.Document.DocumentDataBase.<init>(Ljava/lang/String;Z)V+62
j  knOWLearn.TermExtraction.TermExtractor.<init>(Ljava/lang/String;Z)V+21
j  knOWLearn.TermExtraction.TermExtractor.main([Ljava/lang/String;)V+29
v  ~StubRoutines::call_stub

---------------  P R O C E S S  ---------------

Java Threads: ( => current thread )
  0x00007fd1a40a6000 JavaThread "Service Thread" daemon [_thread_blocked, id=11126, stack(0x00007fd19918d000,0x00007fd19928e000)]
  0x00007fd1a40a4000 JavaThread "C2 CompilerThread1" daemon [_thread_blocked, id=11125, stack(0x00007fd19928e000,0x00007fd19938f000)]
  0x00007fd1a40a1000 JavaThread "C2 CompilerThread0" daemon [_thread_blocked, id=11124, stack(0x00007fd19938f000,0x00007fd199490000)]
  0x00007fd1a409e800 JavaThread "Signal Dispatcher" daemon [_thread_blocked, id=11123, stack(0x00007fd199490000,0x00007fd199591000)]
  0x00007fd1a407c000 JavaThread "Finalizer" daemon [_thread_blocked, id=11122, stack(0x00007fd199c72000,0x00007fd199d73000)]
  0x00007fd1a407a000 JavaThread "Reference Handler" daemon [_thread_blocked, id=11121, stack(0x00007fd199d73000,0x00007fd199e74000)]
=>0x00007fd1a400a000 JavaThread "main" [_thread_in_native, id=11115, stack(0x00007fd1aa7e0000,0x00007fd1aa8e1000)]

Other Threads:
  0x00007fd1a4075800 VMThread [stack: 0x00007fd199e74000,0x00007fd199f75000] [id=11120]
  0x00007fd1a40b0800 WatcherThread [stack: 0x00007fd19908c000,0x00007fd19918d000] [id=11127]

VM state:not at safepoint (normal execution)

VM Mutex/Monitor currently owned by a thread: None

Heap
 PSYoungGen      total 37376K, used 9106K [0x00000007d6d00000, 0x00000007d9680000, 0x0000000800000000)
  eden space 32256K, 28% used [0x00000007d6d00000,0x00000007d75e48d8,0x00000007d8c80000)
  from space 5120K, 0% used [0x00000007d9180000,0x00000007d9180000,0x00000007d9680000)
  to   space 5120K, 0% used [0x00000007d8c80000,0x00000007d8c80000,0x00000007d9180000)
 ParOldGen       total 83968K, used 0K [0x0000000784800000, 0x0000000789a00000, 0x00000007d6d00000)
  object space 83968K, 0% used [0x0000000784800000,0x0000000784800000,0x0000000789a00000)
 PSPermGen       total 21504K, used 3398K [0x000000077a200000, 0x000000077b700000, 0x0000000784800000)
  object space 21504K, 15% used [0x000000077a200000,0x000000077a551bd8,0x000000077b700000)

Card table byte_map: [0x00007fd19ff5e000,0x00007fd1a038e000] byte_map_base: 0x00007fd19c38d000

Polling page: 0x00007fd1aa909000

Code Cache  [0x00007fd1a038e000, 0x00007fd1a05fe000, 0x00007fd1a338e000)
 total_blobs=263 nmethods=46 adapters=170 free_code_cache=48647Kb largest_free_block=49787712

Compilation events (10 events):
Event: 26.292 Thread 0x00007fd1a40a4000   42             java.util.regex.Pattern::atom (378 bytes)
Event: 26.319 Thread 0x00007fd1a40a4000 nmethod 42 0x00007fd1a040f550 code [0x00007fd1a040fa00, 0x00007fd1a0410838]
Event: 30.663 Thread 0x00007fd1a40a1000   43             java.lang.String::startsWith (72 bytes)
Event: 30.664 Thread 0x00007fd1a40a1000 nmethod 43 0x00007fd1a04085d0 code [0x00007fd1a0408720, 0x00007fd1a0408858]
Event: 31.991 Thread 0x00007fd1a40a4000   44             java.util.regex.Pattern$TreeInfo::reset (21 bytes)
Event: 31.991 Thread 0x00007fd1a40a4000 nmethod 44 0x00007fd1a04083d0 code [0x00007fd1a0408500, 0x00007fd1a0408578]
Event: 32.606 Thread 0x00007fd1a40a1000   45             edu.upc.freeling.Word::<init> (15 bytes)
Event: 32.606 Thread 0x00007fd1a40a4000   46             edu.upc.freeling.ListAnalysis::<init> (15 bytes)
Event: 32.607 Thread 0x00007fd1a40a4000 nmethod 46 0x00007fd1a040a490 code [0x00007fd1a040a5c0, 0x00007fd1a040a658]
Event: 32.607 Thread 0x00007fd1a40a1000 nmethod 45 0x00007fd1a04080d0 code [0x00007fd1a0408220, 0x00007fd1a04082e8]

GC Heap History (0 events):
No events

Deoptimization events (0 events):
No events

Internal exceptions (10 events):
Event: 2.790 Thread 0x00007fd1a400a000 Threw 0x00000007d6dd63d8 at /build/buildd/openjdk-7-7u51-2.4.4/build/openjdk/hotspot/src/share/vm/prims/jvm.cpp:1244
Event: 4.089 Thread 0x00007fd1a400a000 Threw 0x00000007d6dd9c70 at /build/buildd/openjdk-7-7u51-2.4.4/build/openjdk/hotspot/src/share/vm/prims/jvm.cpp:1244
Event: 6.074 Thread 0x00007fd1a400a000 Threw 0x00000007d6ddd558 at /build/buildd/openjdk-7-7u51-2.4.4/build/openjdk/hotspot/src/share/vm/prims/jvm.cpp:1244
Event: 6.210 Thread 0x00007fd1a400a000 Threw 0x00000007d6de1438 at /build/buildd/openjdk-7-7u51-2.4.4/build/openjdk/hotspot/src/share/vm/prims/jvm.cpp:1244
Event: 6.292 Thread 0x00007fd1a400a000 Threw 0x00000007d6de5968 at /build/buildd/openjdk-7-7u51-2.4.4/build/openjdk/hotspot/src/share/vm/prims/jvm.cpp:1244
Event: 6.293 Thread 0x00007fd1a400a000 Threw 0x00000007d6de9548 at /build/buildd/openjdk-7-7u51-2.4.4/build/openjdk/hotspot/src/share/vm/prims/jvm.cpp:1244
Event: 6.294 Thread 0x00007fd1a400a000 Threw 0x00000007d6def738 at /build/buildd/openjdk-7-7u51-2.4.4/build/openjdk/hotspot/src/share/vm/prims/jvm.cpp:1244
Event: 6.295 Thread 0x00007fd1a400a000 Threw 0x00000007d6df34e0 at /build/buildd/openjdk-7-7u51-2.4.4/build/openjdk/hotspot/src/share/vm/prims/jvm.cpp:1244
Event: 6.295 Thread 0x00007fd1a400a000 Threw 0x00000007d6dfe0f8 at /build/buildd/openjdk-7-7u51-2.4.4/build/openjdk/hotspot/src/share/vm/prims/jvm.cpp:1244
Event: 6.301 Thread 0x00007fd1a400a000 Threw 0x00000007d6e10150 at /build/buildd/openjdk-7-7u51-2.4.4/build/openjdk/hotspot/src/share/vm/prims/jvm.cpp:1244

Events (10 events):
Event: 6.317 loading class 0x00007fd1a4012580
Event: 6.317 loading class 0x00007fd1a4012580 done
Event: 6.317 loading class 0x00007fd1a4012f70
Event: 6.317 loading class 0x00007fd1a4012f70 done
Event: 6.317 loading class 0x00007fd1a4013cc0
Event: 6.317 loading class 0x00007fd1a4013cc0 done
Event: 6.317 loading class 0x00007fd1a4013060
Event: 6.317 loading class 0x00007fd1a4013060 done
Event: 6.317 loading class 0x00007fd1a4012280
Event: 6.317 loading class 0x00007fd1a4012280 done


Dynamic libraries:
00400000-00401000 r-xp 00000000 08:06 4590499                            /usr/lib/jvm/java-7-openjdk-amd64/jre/bin/java
00600000-00601000 r--p 00000000 08:06 4590499                            /usr/lib/jvm/java-7-openjdk-amd64/jre/bin/java
00601000-00602000 rw-p 00001000 08:06 4590499                            /usr/lib/jvm/java-7-openjdk-amd64/jre/bin/java
01575000-01596000 rw-p 00000000 00:00 0                                  [heap]
77a200000-77b700000 rw-p 00000000 00:00 0 
77b700000-784800000 rw-p 00000000 00:00 0 
784800000-789a00000 rw-p 00000000 00:00 0 
789a00000-7d6d00000 rw-p 00000000 00:00 0 
7d6d00000-7d9680000 rw-p 00000000 00:00 0 
7d9680000-800000000 rw-p 00000000 00:00 0 
7fd158000000-7fd15bf8d000 rw-p 00000000 00:00 0 
7fd15bf8d000-7fd15c000000 ---p 00000000 00:00 0 
7fd160000000-7fd164000000 rw-p 00000000 00:00 0 
7fd164000000-7fd164021000 rw-p 00000000 00:00 0 
7fd164021000-7fd168000000 ---p 00000000 00:00 0 
7fd1687e3000-7fd168fec000 rw-p 00000000 00:00 0 
7fd168fec000-7fd16a15b000 r-xp 00000000 08:06 1971079                    /usr/lib/x86_64-linux-gnu/libicudata.so.48.1.1
7fd16a15b000-7fd16a35a000 ---p 0116f000 08:06 1971079                    /usr/lib/x86_64-linux-gnu/libicudata.so.48.1.1
7fd16a35a000-7fd16a35b000 r--p 0116e000 08:06 1971079                    /usr/lib/x86_64-linux-gnu/libicudata.so.48.1.1
7fd16a35b000-7fd16a35c000 rw-p 0116f000 08:06 1971079                    /usr/lib/x86_64-linux-gnu/libicudata.so.48.1.1
7fd16a35c000-7fd16a5de000 r-xp 00000000 08:06 2378881                    /usr/local/lib/libfreeling-3.1.so
7fd16a5de000-7fd16a7de000 ---p 00282000 08:06 2378881                    /usr/local/lib/libfreeling-3.1.so
7fd16a7de000-7fd16a7e3000 r--p 00282000 08:06 2378881                    /usr/local/lib/libfreeling-3.1.so
7fd16a7e3000-7fd16a7e8000 rw-p 00287000 08:06 2378881                    /usr/local/lib/libfreeling-3.1.so
7fd16a7e8000-7fd16c000000 rw-p 00000000 00:00 0 
7fd16c000000-7fd16c29c000 rw-p 00000000 00:00 0 
7fd16c29c000-7fd170000000 ---p 00000000 00:00 0 
7fd170000000-7fd170021000 rw-p 00000000 00:00 0 
7fd170021000-7fd174000000 ---p 00000000 00:00 0 
7fd174000000-7fd174021000 rw-p 00000000 00:00 0 
7fd174021000-7fd178000000 ---p 00000000 00:00 0 
7fd178000000-7fd178223000 rw-p 00000000 00:00 0 
7fd178223000-7fd17c000000 ---p 00000000 00:00 0 
7fd17c000000-7fd17c021000 rw-p 00000000 00:00 0 
7fd17c021000-7fd180000000 ---p 00000000 00:00 0 
7fd180000000-7fd180021000 rw-p 00000000 00:00 0 
7fd180021000-7fd184000000 ---p 00000000 00:00 0 
7fd184000000-7fd184021000 rw-p 00000000 00:00 0 
7fd184021000-7fd188000000 ---p 00000000 00:00 0 
7fd188000000-7fd188021000 rw-p 00000000 00:00 0 
7fd188021000-7fd18c000000 ---p 00000000 00:00 0 
7fd18c000000-7fd18c021000 rw-p 00000000 00:00 0 
7fd18c021000-7fd190000000 ---p 00000000 00:00 0 
7fd190000000-7fd190021000 rw-p 00000000 00:00 0 
7fd190021000-7fd194000000 ---p 00000000 00:00 0 
7fd194000000-7fd194021000 rw-p 00000000 00:00 0 
7fd194021000-7fd198000000 ---p 00000000 00:00 0 
7fd198115000-7fd198359000 rw-p 00000000 00:00 0 
7fd198359000-7fd198512000 r-xp 00000000 08:06 1971083                    /usr/lib/x86_64-linux-gnu/libicui18n.so.48.1.1
7fd198512000-7fd198711000 ---p 001b9000 08:06 1971083                    /usr/lib/x86_64-linux-gnu/libicui18n.so.48.1.1
7fd198711000-7fd19871e000 r--p 001b8000 08:06 1971083                    /usr/lib/x86_64-linux-gnu/libicui18n.so.48.1.1
7fd19871e000-7fd19871f000 rw-p 001c5000 08:06 1971083                    /usr/lib/x86_64-linux-gnu/libicui18n.so.48.1.1
7fd19871f000-7fd198875000 r-xp 00000000 08:06 1980633                    /usr/lib/x86_64-linux-gnu/libicuuc.so.48.1.1
7fd198875000-7fd198a74000 ---p 00156000 08:06 1980633                    /usr/lib/x86_64-linux-gnu/libicuuc.so.48.1.1
7fd198a74000-7fd198a85000 r--p 00155000 08:06 1980633                    /usr/lib/x86_64-linux-gnu/libicuuc.so.48.1.1
7fd198a85000-7fd198a86000 rw-p 00166000 08:06 1980633                    /usr/lib/x86_64-linux-gnu/libicuuc.so.48.1.1
7fd198a86000-7fd198a8a000 rw-p 00000000 00:00 0 
7fd198a8a000-7fd198b9e000 r-xp 00000000 08:06 1966308                    /usr/lib/libboost_regex.so.1.49.0
7fd198b9e000-7fd198d9d000 ---p 00114000 08:06 1966308                    /usr/lib/libboost_regex.so.1.49.0
7fd198d9d000-7fd198da2000 r--p 00113000 08:06 1966308                    /usr/lib/libboost_regex.so.1.49.0
7fd198da2000-7fd198da5000 rw-p 00118000 08:06 1966308                    /usr/lib/libboost_regex.so.1.49.0
7fd198dc9000-7fd198e88000 r-xp 00000000 08:06 6060713                    /usr/local/lib/libfreeling_javaAPI.so
7fd198e88000-7fd199087000 ---p 000bf000 08:06 6060713                    /usr/local/lib/libfreeling_javaAPI.so
7fd199087000-7fd199088000 r--p 000be000 08:06 6060713                    /usr/local/lib/libfreeling_javaAPI.so
7fd199088000-7fd19908c000 rw-p 000bf000 08:06 6060713                    /usr/local/lib/libfreeling_javaAPI.so
7fd19908c000-7fd19908d000 ---p 00000000 00:00 0 
7fd19908d000-7fd19918d000 rw-p 00000000 00:00 0                          [stack:11127]
7fd19918d000-7fd199190000 ---p 00000000 00:00 0 
7fd199190000-7fd19928e000 rw-p 00000000 00:00 0                          [stack:11126]
7fd19928e000-7fd199291000 ---p 00000000 00:00 0 
7fd199291000-7fd19938f000 rw-p 00000000 00:00 0                          [stack:11125]
7fd19938f000-7fd199392000 ---p 00000000 00:00 0 
7fd199392000-7fd199490000 rw-p 00000000 00:00 0                          [stack:11124]
7fd199490000-7fd199493000 ---p 00000000 00:00 0 
7fd199493000-7fd199591000 rw-p 00000000 00:00 0                          [stack:11123]
7fd199591000-7fd199c72000 r--p 00000000 08:06 1972544                    /usr/lib/locale/locale-archive
7fd199c72000-7fd199c75000 ---p 00000000 00:00 0 
7fd199c75000-7fd199d73000 rw-p 00000000 00:00 0                          [stack:11122]
7fd199d73000-7fd199d76000 ---p 00000000 00:00 0 
7fd199d76000-7fd199e74000 rw-p 00000000 00:00 0                          [stack:11121]
7fd199e74000-7fd199e75000 ---p 00000000 00:00 0 
7fd199e75000-7fd19af29000 rw-p 00000000 00:00 0                          [stack:11120]
7fd19af29000-7fd19b0d7000 r--s 01cf4000 08:06 3413171                    /usr/lib/jvm/java-7-openjdk-amd64/jre/lib/rt.jar
7fd19b0d7000-7fd19f8c7000 rw-p 00000000 00:00 0 
7fd19f8c7000-7fd19f8c8000 ---p 00000000 00:00 0 
7fd19f8c8000-7fd19f9c8000 rw-p 00000000 00:00 0                          [stack:11119]
7fd19f9c8000-7fd19f9c9000 ---p 00000000 00:00 0 
7fd19f9c9000-7fd19fac9000 rw-p 00000000 00:00 0                          [stack:11118]
7fd19fac9000-7fd19faca000 ---p 00000000 00:00 0 
7fd19faca000-7fd19fbca000 rw-p 00000000 00:00 0                          [stack:11117]
7fd19fbca000-7fd19fbcb000 ---p 00000000 00:00 0 
7fd19fbcb000-7fd19fcf4000 rw-p 00000000 00:00 0                          [stack:11116]
7fd19fcf4000-7fd19ff5e000 rw-p 00000000 00:00 0 
7fd19ff5e000-7fd19ff69000 rw-p 00000000 00:00 0 
7fd19ff69000-7fd19ffb1000 rw-p 00000000 00:00 0 
7fd19ffb1000-7fd19ffda000 rw-p 00000000 00:00 0 
7fd19ffda000-7fd1a0243000 rw-p 00000000 00:00 0 
7fd1a0243000-7fd1a0259000 rw-p 00000000 00:00 0 
7fd1a0259000-7fd1a038d000 rw-p 00000000 00:00 0 
7fd1a038d000-7fd1a038e000 rw-p 00000000 00:00 0 
7fd1a038e000-7fd1a05fe000 rwxp 00000000 00:00 0 
7fd1a05fe000-7fd1a338e000 rw-p 00000000 00:00 0 
7fd1a338e000-7fd1a3396000 r-xp 00000000 08:06 4332592                    /usr/lib/jvm/java-7-openjdk-amd64/jre/lib/amd64/libzip.so
7fd1a3396000-7fd1a3595000 ---p 00008000 08:06 4332592                    /usr/lib/jvm/java-7-openjdk-amd64/jre/lib/amd64/libzip.so
7fd1a3595000-7fd1a3596000 r--p 00007000 08:06 4332592                    /usr/lib/jvm/java-7-openjdk-amd64/jre/lib/amd64/libzip.so
7fd1a3596000-7fd1a3597000 rw-p 00008000 08:06 4332592                    /usr/lib/jvm/java-7-openjdk-amd64/jre/lib/amd64/libzip.so
7fd1a3597000-7fd1a35a3000 r-xp 00000000 08:06 5769447                    /lib/x86_64-linux-gnu/libnss_files-2.17.so
7fd1a35a3000-7fd1a37a2000 ---p 0000c000 08:06 5769447                    /lib/x86_64-linux-gnu/libnss_files-2.17.so
7fd1a37a2000-7fd1a37a3000 r--p 0000b000 08:06 5769447                    /lib/x86_64-linux-gnu/libnss_files-2.17.so
7fd1a37a3000-7fd1a37a4000 rw-p 0000c000 08:06 5769447                    /lib/x86_64-linux-gnu/libnss_files-2.17.so
7fd1a37a4000-7fd1a37af000 r-xp 00000000 08:06 5769474                    /lib/x86_64-linux-gnu/libnss_nis-2.17.so
7fd1a37af000-7fd1a39ae000 ---p 0000b000 08:06 5769474                    /lib/x86_64-linux-gnu/libnss_nis-2.17.so
7fd1a39ae000-7fd1a39af000 r--p 0000a000 08:06 5769474                    /lib/x86_64-linux-gnu/libnss_nis-2.17.so
7fd1a39af000-7fd1a39b0000 rw-p 0000b000 08:06 5769474                    /lib/x86_64-linux-gnu/libnss_nis-2.17.so
7fd1a39b0000-7fd1a39c7000 r-xp 00000000 08:06 5769428                    /lib/x86_64-linux-gnu/libnsl-2.17.so
7fd1a39c7000-7fd1a3bc6000 ---p 00017000 08:06 5769428                    /lib/x86_64-linux-gnu/libnsl-2.17.so
7fd1a3bc6000-7fd1a3bc7000 r--p 00016000 08:06 5769428                    /lib/x86_64-linux-gnu/libnsl-2.17.so
7fd1a3bc7000-7fd1a3bc8000 rw-p 00017000 08:06 5769428                    /lib/x86_64-linux-gnu/libnsl-2.17.so
7fd1a3bc8000-7fd1a3bca000 rw-p 00000000 00:00 0 
7fd1a3bca000-7fd1a3bd2000 r-xp 00000000 08:06 5769480                    /lib/x86_64-linux-gnu/libnss_compat-2.17.so
7fd1a3bd2000-7fd1a3dd1000 ---p 00008000 08:06 5769480                    /lib/x86_64-linux-gnu/libnss_compat-2.17.so
7fd1a3dd1000-7fd1a3dd2000 r--p 00007000 08:06 5769480                    /lib/x86_64-linux-gnu/libnss_compat-2.17.so
7fd1a3dd2000-7fd1a3dd3000 rw-p 00008000 08:06 5769480                    /lib/x86_64-linux-gnu/libnss_compat-2.17.so
7fd1a3dd3000-7fd1a3dfe000 r-xp 00000000 08:06 4332576                    /usr/lib/jvm/java-7-openjdk-amd64/jre/lib/amd64/libjava.so
7fd1a3dfe000-7fd1a3ffd000 ---p 0002b000 08:06 4332576                    /usr/lib/jvm/java-7-openjdk-amd64/jre/lib/amd64/libjava.so
7fd1a3ffd000-7fd1a3ffe000 r--p 0002a000 08:06 4332576                    /usr/lib/jvm/java-7-openjdk-amd64/jre/lib/amd64/libjava.so
7fd1a3ffe000-7fd1a4000000 rw-p 0002b000 08:06 4332576                    /usr/lib/jvm/java-7-openjdk-amd64/jre/lib/amd64/libjava.so
7fd1a4000000-7fd1a8000000 rw-p 00000000 00:00 0 
7fd1a8009000-7fd1a80ae000 rw-p 00000000 00:00 0 
7fd1a80ae000-7fd1a80f6000 rw-p 00000000 00:00 0 
7fd1a80f6000-7fd1a8105000 r-xp 00000000 08:06 4332575                    /usr/lib/jvm/java-7-openjdk-amd64/jre/lib/amd64/libverify.so
7fd1a8105000-7fd1a8304000 ---p 0000f000 08:06 4332575                    /usr/lib/jvm/java-7-openjdk-amd64/jre/lib/amd64/libverify.so
7fd1a8304000-7fd1a8306000 r--p 0000e000 08:06 4332575                    /usr/lib/jvm/java-7-openjdk-amd64/jre/lib/amd64/libverify.so
7fd1a8306000-7fd1a8307000 rw-p 00010000 08:06 4332575                    /usr/lib/jvm/java-7-openjdk-amd64/jre/lib/amd64/libverify.so
7fd1a8307000-7fd1a830e000 r-xp 00000000 08:06 5769457                    /lib/x86_64-linux-gnu/librt-2.17.so
7fd1a830e000-7fd1a850d000 ---p 00007000 08:06 5769457                    /lib/x86_64-linux-gnu/librt-2.17.so
7fd1a850d000-7fd1a850e000 r--p 00006000 08:06 5769457                    /lib/x86_64-linux-gnu/librt-2.17.so
7fd1a850e000-7fd1a850f000 rw-p 00007000 08:06 5769457                    /lib/x86_64-linux-gnu/librt-2.17.so
7fd1a850f000-7fd1a8523000 r-xp 00000000 08:06 5770934                    /lib/x86_64-linux-gnu/libgcc_s.so.1
7fd1a8523000-7fd1a8723000 ---p 00014000 08:06 5770934                    /lib/x86_64-linux-gnu/libgcc_s.so.1
7fd1a8723000-7fd1a8724000 r--p 00014000 08:06 5770934                    /lib/x86_64-linux-gnu/libgcc_s.so.1
7fd1a8724000-7fd1a8725000 rw-p 00015000 08:06 5770934                    /lib/x86_64-linux-gnu/libgcc_s.so.1
7fd1a8725000-7fd1a8828000 r-xp 00000000 08:06 5769479                    /lib/x86_64-linux-gnu/libm-2.17.so
7fd1a8828000-7fd1a8a28000 ---p 00103000 08:06 5769479                    /lib/x86_64-linux-gnu/libm-2.17.so
7fd1a8a28000-7fd1a8a29000 r--p 00103000 08:06 5769479                    /lib/x86_64-linux-gnu/libm-2.17.so
7fd1a8a29000-7fd1a8a2a000 rw-p 00104000 08:06 5769479                    /lib/x86_64-linux-gnu/libm-2.17.so
7fd1a8a2a000-7fd1a8b0f000 r-xp 00000000 08:06 1974230                    /usr/lib/x86_64-linux-gnu/libstdc++.so.6.0.17
7fd1a8b0f000-7fd1a8d0e000 ---p 000e5000 08:06 1974230                    /usr/lib/x86_64-linux-gnu/libstdc++.so.6.0.17
7fd1a8d0e000-7fd1a8d16000 r--p 000e4000 08:06 1974230                    /usr/lib/x86_64-linux-gnu/libstdc++.so.6.0.17
7fd1a8d16000-7fd1a8d18000 rw-p 000ec000 08:06 1974230                    /usr/lib/x86_64-linux-gnu/libstdc++.so.6.0.17
7fd1a8d18000-7fd1a8d2d000 rw-p 00000000 00:00 0 
7fd1a8d2d000-7fd1a97f3000 r-xp 00000000 08:06 4588409                    /usr/lib/jvm/java-7-openjdk-amd64/jre/lib/amd64/server/libjvm.so
7fd1a97f3000-7fd1a99f3000 ---p 00ac6000 08:06 4588409                    /usr/lib/jvm/java-7-openjdk-amd64/jre/lib/amd64/server/libjvm.so
7fd1a99f3000-7fd1a9a8b000 r--p 00ac6000 08:06 4588409                    /usr/lib/jvm/java-7-openjdk-amd64/jre/lib/amd64/server/libjvm.so
7fd1a9a8b000-7fd1a9aae000 rw-p 00b5e000 08:06 4588409                    /usr/lib/jvm/java-7-openjdk-amd64/jre/lib/amd64/server/libjvm.so
7fd1a9aae000-7fd1a9adb000 rw-p 00000000 00:00 0 
7fd1a9adb000-7fd1a9af1000 r-xp 00000000 08:06 5771062                    /lib/x86_64-linux-gnu/libz.so.1.2.7
7fd1a9af1000-7fd1a9cf0000 ---p 00016000 08:06 5771062                    /lib/x86_64-linux-gnu/libz.so.1.2.7
7fd1a9cf0000-7fd1a9cf1000 r--p 00015000 08:06 5771062                    /lib/x86_64-linux-gnu/libz.so.1.2.7
7fd1a9cf1000-7fd1a9cf2000 rw-p 00016000 08:06 5771062                    /lib/x86_64-linux-gnu/libz.so.1.2.7
7fd1a9cf2000-7fd1a9d0a000 r-xp 00000000 08:06 5769430                    /lib/x86_64-linux-gnu/libpthread-2.17.so
7fd1a9d0a000-7fd1a9f09000 ---p 00018000 08:06 5769430                    /lib/x86_64-linux-gnu/libpthread-2.17.so
7fd1a9f09000-7fd1a9f0a000 r--p 00017000 08:06 5769430                    /lib/x86_64-linux-gnu/libpthread-2.17.so
7fd1a9f0a000-7fd1a9f0b000 rw-p 00018000 08:06 5769430                    /lib/x86_64-linux-gnu/libpthread-2.17.so
7fd1a9f0b000-7fd1a9f0f000 rw-p 00000000 00:00 0 
7fd1a9f0f000-7fd1a9f12000 r-xp 00000000 08:06 5769446                    /lib/x86_64-linux-gnu/libdl-2.17.so
7fd1a9f12000-7fd1aa111000 ---p 00003000 08:06 5769446                    /lib/x86_64-linux-gnu/libdl-2.17.so
7fd1aa111000-7fd1aa112000 r--p 00002000 08:06 5769446                    /lib/x86_64-linux-gnu/libdl-2.17.so
7fd1aa112000-7fd1aa113000 rw-p 00003000 08:06 5769446                    /lib/x86_64-linux-gnu/libdl-2.17.so
7fd1aa113000-7fd1aa2d2000 r-xp 00000000 08:06 5769490                    /lib/x86_64-linux-gnu/libc-2.17.so
7fd1aa2d2000-7fd1aa4d1000 ---p 001bf000 08:06 5769490                    /lib/x86_64-linux-gnu/libc-2.17.so
7fd1aa4d1000-7fd1aa4d5000 r--p 001be000 08:06 5769490                    /lib/x86_64-linux-gnu/libc-2.17.so
7fd1aa4d5000-7fd1aa4d7000 rw-p 001c2000 08:06 5769490                    /lib/x86_64-linux-gnu/libc-2.17.so
7fd1aa4d7000-7fd1aa4dc000 rw-p 00000000 00:00 0 
7fd1aa4dc000-7fd1aa4e9000 r-xp 00000000 08:06 4588406                    /usr/lib/jvm/java-7-openjdk-amd64/jre/lib/amd64/jli/libjli.so
7fd1aa4e9000-7fd1aa6e8000 ---p 0000d000 08:06 4588406                    /usr/lib/jvm/java-7-openjdk-amd64/jre/lib/amd64/jli/libjli.so
7fd1aa6e8000-7fd1aa6e9000 r--p 0000c000 08:06 4588406                    /usr/lib/jvm/java-7-openjdk-amd64/jre/lib/amd64/jli/libjli.so
7fd1aa6e9000-7fd1aa6ea000 rw-p 0000d000 08:06 4588406                    /usr/lib/jvm/java-7-openjdk-amd64/jre/lib/amd64/jli/libjli.so
7fd1aa6ea000-7fd1aa70d000 r-xp 00000000 08:06 5769285                    /lib/x86_64-linux-gnu/ld-2.17.so
7fd1aa719000-7fd1aa720000 r--s 00000000 08:06 2371280                    /usr/lib/x86_64-linux-gnu/gconv/gconv-modules.cache
7fd1aa720000-7fd1aa72a000 rw-p 00000000 00:00 0 
7fd1aa72a000-7fd1aa7e0000 rw-p 00000000 00:00 0 
7fd1aa7e0000-7fd1aa7e3000 ---p 00000000 00:00 0 
7fd1aa7e3000-7fd1aa8e6000 rw-p 00000000 00:00 0                          [stack:11115]
7fd1aa8ea000-7fd1aa8ee000 r--s 00021000 08:06 6039637                    /home/vieyra/SWB4/swb/lib/NLP/freeling-3.1.jar
7fd1aa8ee000-7fd1aa8f2000 r--s 0003b000 08:06 3801371                    /usr/lib/jvm/java-7-openjdk-amd64/jre/lib/ext/sunpkcs11.jar
7fd1aa8f2000-7fd1aa8f5000 r--s 00032000 08:06 3801374                    /usr/lib/jvm/java-7-openjdk-amd64/jre/lib/ext/sunjce_provider.jar
7fd1aa8f5000-7fd1aa8f9000 r--s 00085000 08:06 3801383                    /usr/lib/jvm/java-7-openjdk-amd64/jre/lib/ext/localedata.jar
7fd1aa8f9000-7fd1aa8fb000 r--s 00012000 08:06 3801377                    /usr/lib/jvm/java-7-openjdk-amd64/jre/lib/ext/zipfs.jar
7fd1aa8fb000-7fd1aa8fd000 r--s 0000f000 08:06 3801381                    /usr/lib/jvm/java-7-openjdk-amd64/jre/lib/ext/pulse-java.jar
7fd1aa8fd000-7fd1aa8fe000 r--s 00002000 08:06 3801379                    /usr/lib/jvm/java-7-openjdk-amd64/jre/lib/ext/dnsns.jar
7fd1aa8fe000-7fd1aa900000 r--s 00006000 08:06 2367710                    /usr/share/java/java-atk-wrapper.jar
7fd1aa900000-7fd1aa908000 rw-s 00000000 08:06 527694                     /tmp/hsperfdata_vieyra/11111
7fd1aa908000-7fd1aa909000 rw-p 00000000 00:00 0 
7fd1aa909000-7fd1aa90a000 r--p 00000000 00:00 0 
7fd1aa90a000-7fd1aa90c000 rw-p 00000000 00:00 0 
7fd1aa90c000-7fd1aa90d000 r--p 00022000 08:06 5769285                    /lib/x86_64-linux-gnu/ld-2.17.so
7fd1aa90d000-7fd1aa90f000 rw-p 00023000 08:06 5769285                    /lib/x86_64-linux-gnu/ld-2.17.so
7fff07e76000-7fff07e97000 rw-p 00000000 00:00 0                          [stack]
7fff07f91000-7fff07f93000 r-xp 00000000 00:00 0                          [vdso]
ffffffffff600000-ffffffffff601000 r-xp 00000000 00:00 0                  [vsyscall]

VM Arguments:
jvm_args: -Dfile.encoding=UTF-8 
java_command: knOWLearn.TermExtraction.TermExtractor
Launcher Type: SUN_STANDARD

Environment Variables:
PATH=/usr/local/sbin:/usr/local/bin:/usr/sbin:/usr/bin:/sbin:/bin:/usr/games:/usr/local/games
USERNAME=vieyra
LD_LIBRARY_PATH=/usr/lib/jvm/default-java/jre/lib/amd64:/usr/lib/jvm/default-java/jre/lib/i386:/usr/local/lib:/usr/local/
SHELL=/bin/bash
DISPLAY=:0.0

Signal Handlers:
SIGSEGV: [libjvm.so+0x8f8310], sa_mask[0]=0x7ffbfeff, sa_flags=0x10000004
SIGBUS: [libjvm.so+0x8f8310], sa_mask[0]=0x7ffbfeff, sa_flags=0x10000004
SIGFPE: [libjvm.so+0x781ce0], sa_mask[0]=0x7ffbfeff, sa_flags=0x10000004
SIGPIPE: [libjvm.so+0x781ce0], sa_mask[0]=0x7ffbfeff, sa_flags=0x10000004
SIGXFSZ: [libjvm.so+0x781ce0], sa_mask[0]=0x7ffbfeff, sa_flags=0x10000004
SIGILL: [libjvm.so+0x781ce0], sa_mask[0]=0x7ffbfeff, sa_flags=0x10000004
SIGUSR1: SIG_DFL, sa_mask[0]=0x00000000, sa_flags=0x00000000
SIGUSR2: [libjvm.so+0x781fd0], sa_mask[0]=0x00000004, sa_flags=0x10000004
SIGHUP: [libjvm.so+0x782140], sa_mask[0]=0x7ffbfeff, sa_flags=0x10000004
SIGINT: SIG_IGN, sa_mask[0]=0x00000000, sa_flags=0x00000000
SIGTERM: [libjvm.so+0x782140], sa_mask[0]=0x7ffbfeff, sa_flags=0x10000004
SIGQUIT: [libjvm.so+0x782140], sa_mask[0]=0x7ffbfeff, sa_flags=0x10000004


---------------  S Y S T E M  ---------------

OS:Ubuntu 13.04 (raring)
uname:Linux 3.8.0-35-generic #50-Ubuntu SMP Tue Dec 3 01:24:59 UTC 2013 x86_64
libc:glibc 2.17 NPTL 2.17 
rlimit: STACK 8192k, CORE 0k, NPROC 63018, NOFILE 4096, AS infinity
load average:1.89 1.37 1.02

/proc/meminfo:
MemTotal:        8085532 kB
MemFree:         1173040 kB
Buffers:          358316 kB
Cached:          2653196 kB
SwapCached:            0 kB
Active:          4258640 kB
Inactive:        2273064 kB
Active(anon):    3530996 kB
Inactive(anon):   801552 kB
Active(file):     727644 kB
Inactive(file):  1471512 kB
Unevictable:          44 kB
Mlocked:              44 kB
SwapTotal:       4194300 kB
SwapFree:        4194300 kB
Dirty:              4292 kB
Writeback:             0 kB
AnonPages:       3520308 kB
Mapped:           474708 kB
Shmem:            812360 kB
Slab:             221344 kB
SReclaimable:     179176 kB
SUnreclaim:        42168 kB
KernelStack:        6896 kB
PageTables:        65232 kB
NFS_Unstable:          0 kB
Bounce:                0 kB
WritebackTmp:          0 kB
CommitLimit:     8237064 kB
Committed_AS:   10040932 kB
VmallocTotal:   34359738367 kB
VmallocUsed:      552848 kB
VmallocChunk:   34359178204 kB
HardwareCorrupted:     0 kB
AnonHugePages:         0 kB
HugePages_Total:       0
HugePages_Free:        0
HugePages_Rsvd:        0
HugePages_Surp:        0
Hugepagesize:       2048 kB
DirectMap4k:       65536 kB
DirectMap2M:     8241152 kB


CPU:total 4 (2 cores per cpu, 2 threads per core) family 6 model 42 stepping 7, cmov, cx8, fxsr, mmx, sse, sse2, sse3, ssse3, sse4.1, sse4.2, popcnt, avx, aes, ht, tsc, tscinvbit

/proc/cpuinfo:
processor	: 0
vendor_id	: GenuineIntel
cpu family	: 6
model		: 42
model name	: Intel(R) Core(TM) i5-2450M CPU @ 2.50GHz
stepping	: 7
microcode	: 0x1a
cpu MHz		: 2501.000
cache size	: 3072 KB
physical id	: 0
siblings	: 4
core id		: 0
cpu cores	: 2
apicid		: 0
initial apicid	: 0
fpu		: yes
fpu_exception	: yes
cpuid level	: 13
wp		: yes
flags		: fpu vme de pse tsc msr pae mce cx8 apic sep mtrr pge mca cmov pat pse36 clflush dts acpi mmx fxsr sse sse2 ss ht tm pbe syscall nx rdtscp lm constant_tsc arch_perfmon pebs bts rep_good nopl xtopology nonstop_tsc aperfmperf eagerfpu pni pclmulqdq dtes64 monitor ds_cpl vmx est tm2 ssse3 cx16 xtpr pdcm pcid sse4_1 sse4_2 x2apic popcnt tsc_deadline_timer aes xsave avx lahf_lm ida arat epb xsaveopt pln pts dtherm tpr_shadow vnmi flexpriority ept vpid
bogomips	: 4988.21
clflush size	: 64
cache_alignment	: 64
address sizes	: 36 bits physical, 48 bits virtual
power management:

processor	: 1
vendor_id	: GenuineIntel
cpu family	: 6
model		: 42
model name	: Intel(R) Core(TM) i5-2450M CPU @ 2.50GHz
stepping	: 7
microcode	: 0x1a
cpu MHz		: 2501.000
cache size	: 3072 KB
physical id	: 0
siblings	: 4
core id		: 0
cpu cores	: 2
apicid		: 1
initial apicid	: 1
fpu		: yes
fpu_exception	: yes
cpuid level	: 13
wp		: yes
flags		: fpu vme de pse tsc msr pae mce cx8 apic sep mtrr pge mca cmov pat pse36 clflush dts acpi mmx fxsr sse sse2 ss ht tm pbe syscall nx rdtscp lm constant_tsc arch_perfmon pebs bts rep_good nopl xtopology nonstop_tsc aperfmperf eagerfpu pni pclmulqdq dtes64 monitor ds_cpl vmx est tm2 ssse3 cx16 xtpr pdcm pcid sse4_1 sse4_2 x2apic popcnt tsc_deadline_timer aes xsave avx lahf_lm ida arat epb xsaveopt pln pts dtherm tpr_shadow vnmi flexpriority ept vpid
bogomips	: 4988.21
clflush size	: 64
cache_alignment	: 64
address sizes	: 36 bits physical, 48 bits virtual
power management:

processor	: 2
vendor_id	: GenuineIntel
cpu family	: 6
model		: 42
model name	: Intel(R) Core(TM) i5-2450M CPU @ 2.50GHz
stepping	: 7
microcode	: 0x1a
cpu MHz		: 800.000
cache size	: 3072 KB
physical id	: 0
siblings	: 4
core id		: 1
cpu cores	: 2
apicid		: 2
initial apicid	: 2
fpu		: yes
fpu_exception	: yes
cpuid level	: 13
wp		: yes
flags		: fpu vme de pse tsc msr pae mce cx8 apic sep mtrr pge mca cmov pat pse36 clflush dts acpi mmx fxsr sse sse2 ss ht tm pbe syscall nx rdtscp lm constant_tsc arch_perfmon pebs bts rep_good nopl xtopology nonstop_tsc aperfmperf eagerfpu pni pclmulqdq dtes64 monitor ds_cpl vmx est tm2 ssse3 cx16 xtpr pdcm pcid sse4_1 sse4_2 x2apic popcnt tsc_deadline_timer aes xsave avx lahf_lm ida arat epb xsaveopt pln pts dtherm tpr_shadow vnmi flexpriority ept vpid
bogomips	: 4988.21
clflush size	: 64
cache_alignment	: 64
address sizes	: 36 bits physical, 48 bits virtual
power management:

processor	: 3
vendor_id	: GenuineIntel
cpu family	: 6
model		: 42
model name	: Intel(R) Core(TM) i5-2450M CPU @ 2.50GHz
stepping	: 7
microcode	: 0x1a
cpu MHz		: 2501.000
cache size	: 3072 KB
physical id	: 0
siblings	: 4
core id		: 1
cpu cores	: 2
apicid		: 3
initial apicid	: 3
fpu		: yes
fpu_exception	: yes
cpuid level	: 13
wp		: yes
flags		: fpu vme de pse tsc msr pae mce cx8 apic sep mtrr pge mca cmov pat pse36 clflush dts acpi mmx fxsr sse sse2 ss ht tm pbe syscall nx rdtscp lm constant_tsc arch_perfmon pebs bts rep_good nopl xtopology nonstop_tsc aperfmperf eagerfpu pni pclmulqdq dtes64 monitor ds_cpl vmx est tm2 ssse3 cx16 xtpr pdcm pcid sse4_1 sse4_2 x2apic popcnt tsc_deadline_timer aes xsave avx lahf_lm ida arat epb xsaveopt pln pts dtherm tpr_shadow vnmi flexpriority ept vpid
bogomips	: 4988.21
clflush size	: 64
cache_alignment	: 64
address sizes	: 36 bits physical, 48 bits virtual
power management:



Memory: 4k page, physical 8085532k(1173040k free), swap 4194300k(4194300k free)

vm_info: OpenJDK 64-Bit Server VM (24.45-b08) for linux-amd64 JRE (1.7.0_51-b00), built on Jan 16 2014 18:17:06 by "buildd" with gcc 4.7.3

time: Thu Apr 10 17:56:56 2014
elapsed time: 34 seconds

