#
# A fatal error has been detected by the Java Runtime Environment:
#
#  SIGSEGV (0xb) at pc=0x00007f08048cc444, pid=16190, tid=139672444217088
#
# JRE version: OpenJDK Runtime Environment (7.0_51) (build 1.7.0_51-b00)
# Java VM: OpenJDK 64-Bit Server VM (24.45-b08 mixed mode linux-amd64 compressed oops)
# Problematic frame:
# C  [libstdc++.so.6+0xc0444]  std::basic_string<wchar_t, std::char_traits<wchar_t>, std::allocator<wchar_t> >::assign(std::basic_string<wchar_t, std::char_traits<wchar_t>, std::allocator<wchar_t> > const&)+0x24
#
# Failed to write core dump. Core dumps have been disabled. To enable core dumping, try "ulimit -c unlimited" before starting Java again
#
# If you would like to submit a bug report, please include
# instructions on how to reproduce the bug and visit:
#   http://icedtea.classpath.org/bugzilla
# The crash happened outside the Java Virtual Machine in native code.
# See problematic frame for where to report the bug.
#

---------------  T H R E A D  ---------------

Current thread (0x00007f080000a000):  JavaThread "main" [_thread_in_native, id=16195, stack(0x00007f08065c2000,0x00007f08066c3000)]

siginfo:si_signo=SIGSEGV: si_errno=0, si_code=1 (SEGV_MAPERR), si_addr=0xfffffffffffffff9

Registers:
RAX=0x0000000000000001, RBX=0x00007f07b5e31120, RCX=0x00007f0800000020, RDX=0x00007f0804b0e4e0
RSP=0x00007f08066c13b0, RBP=0x00007f07b3d11e60, RSI=0x00007f07b3d11e70, RDI=0xffffffffffffffe9
R8 =0x0000000000000000, R9 =0x0000000000000098, R10=0x000000000000000a, R11=0x00007f0800000078
R12=0x00007f07b5e31150, R13=0x000000077a4de0e8, R14=0x00007f08066c1640, R15=0x00007f080000a000
RIP=0x00007f08048cc444, EFLAGS=0x0000000000010286, CSGSFS=0x0000000000000033, ERR=0x0000000000000005
  TRAPNO=0x000000000000000e

Top of Stack: (sp=0x00007f08066c13b0)
0x00007f08066c13b0:   00007f08066c1a40 00000007d754a7f8
0x00007f08066c13c0:   00007f080000a000 00007f0800000020
0x00007f08066c13d0:   0000000000000098 00007f07b5e31110
0x00007f08066c13e0:   00007f07b3d11e60 00007f07f23e6919
0x00007f08066c13f0:   00007f080000a000 00007f07b5e31110
0x00007f08066c1400:   00007f07b5e31138 00007f07f23e6a31
0x00007f08066c1410:   00007f08066c1460 00007f07b5e31110
0x00007f08066c1420:   00007f08066c1480 00007f07b5e31110
0x00007f08066c1430:   000000077a4de0e8 00007f07f8f38425
0x00007f08066c1440:   00007f08066c1460 00007f07b3d11e60
0x00007f08066c1450:   00007f07b5e31110 00007f08066c14a7
0x00007f08066c1460:   00007f08066c1480 00007f07b5e31110
0x00007f08066c1470:   0000000000000000 000000077a4de0e8
0x00007f08066c1480:   00007f08066c14c0 00007f07f8f38774
0x00007f08066c1490:   00007f07b3d11e60 00007f07b44fed90
0x00007f08066c14a0:   00007f080000a000 00007f07b5e31100
0x00007f08066c14b0:   00007f0800000000 000000077a4de0e8
0x00007f08066c14c0:   00007f08066c1500 00007f07f8f327dd
0x00007f08066c14d0:   00007f08066c1500 00007f07b3d11e60
0x00007f08066c14e0:   00007f07b44fed90 00007f07b44fed90
0x00007f08066c14f0:   00007f07b44fed90 0000000000000000
0x00007f08066c1500:   00007f08066c1520 00007f07f8f2abcc
0x00007f08066c1510:   00007f07b3d11e60 00007f07b44fed90
0x00007f08066c1520:   00007f08066c1570 00007f07f8f04093
0x00007f08066c1530:   00007f08066c1618 00007f07b3d11e60
0x00007f08066c1540:   00007f08066c1630 00007f07b44fed90
0x00007f08066c1550:   00007f08066c1608 00007f080000a1d8
0x00007f08066c1560:   00007f07b44fed90 00007f07b3d11e60
0x00007f08066c1570:   00007f08066c15f8 00007f07fc18fcd8
0x00007f08066c1580:   00007f07b3d11e60 00007f07b3d11e60
0x00007f08066c1590:   00007f08066c1610 00007f07fc183058
0x00007f08066c15a0:   00007f08066c1610 00007f07fc183058 

Instructions: (pc=0x00007f08048cc444)
0x00007f08048cc424:   f0 48 89 6c 24 f8 48 83 ec 38 48 8b 06 48 8b 17
0x00007f08048cc434:   48 89 fb 48 8d 78 e8 48 83 ea 18 48 39 d7 74 1d
0x00007f08048cc444:   44 8b 40 f8 45 85 c0 78 2b 48 8b 2d f4 b5 22 00
0x00007f08048cc454:   48 39 ef 75 54 48 39 ea 75 36 48 89 03 48 89 d8 

Register to memory mapping:

RAX=0x0000000000000001 is an unknown value
RBX=0x00007f07b5e31120 is an unknown value
RCX=0x00007f0800000020 is an unknown value
RDX=0x00007f0804b0e4e0: _ZNSbIwSt11char_traitsIwESaIwEE4_Rep20_S_empty_rep_storageE+0 in /usr/lib/x86_64-linux-gnu/libstdc++.so.6 at 0x00007f080480c000
RSP=0x00007f08066c13b0 is pointing into the stack for thread: 0x00007f080000a000
RBP=0x00007f07b3d11e60 is an unknown value
RSI=0x00007f07b3d11e70 is an unknown value
RDI=0xffffffffffffffe9 is an unknown value
R8 =0x0000000000000000 is an unknown value
R9 =0x0000000000000098 is an unknown value
R10=0x000000000000000a is an unknown value
R11=0x00007f0800000078 is an unknown value
R12=0x00007f07b5e31150 is an unknown value
R13=0x000000077a4de0e8 is an oop
{method} 
 - klass: {other class}
R14=0x00007f08066c1640 is pointing into the stack for thread: 0x00007f080000a000
R15=0x00007f080000a000 is a thread


Stack: [0x00007f08065c2000,0x00007f08066c3000],  sp=0x00007f08066c13b0,  free space=1020k
Native frames: (J=compiled Java code, j=interpreted, Vv=VM code, C=native code)
C  [libstdc++.so.6+0xc0444]  std::basic_string<wchar_t, std::char_traits<wchar_t>, std::allocator<wchar_t> >::assign(std::basic_string<wchar_t, std::char_traits<wchar_t>, std::allocator<wchar_t> > const&)+0x24

Java frames: (J=compiled Java code, j=interpreted, Vv=VM code)
j  edu.upc.freeling.freelingJNI.ListWord_pushBack(JLedu/upc/freeling/ListWord;JLedu/upc/freeling/Word;)V+0
j  edu.upc.freeling.ListWord.pushBack(Ledu/upc/freeling/Word;)V+10
j  knOWLearn.Utils.Document.Document.tokenize()V+178
j  knOWLearn.Utils.Document.Document.<init>(Ljava/lang/String;Ljava/lang/String;)V+27
j  knOWLearn.Utils.Document.DocumentDataBase.processDocuments(Ljava/lang/String;)V+253
j  knOWLearn.Utils.Document.DocumentDataBase.<init>(Ljava/lang/String;Z)V+62
j  knOWLearn.TermExtraction.TermExtractor.<init>(Ljava/lang/String;Z)V+21
j  knOWLearn.TermExtraction.TermExtractor.main([Ljava/lang/String;)V+29
v  ~StubRoutines::call_stub

---------------  P R O C E S S  ---------------

Java Threads: ( => current thread )
  0x00007f08000a6000 JavaThread "Service Thread" daemon [_thread_blocked, id=16206, stack(0x00007f07f9266000,0x00007f07f9367000)]
  0x00007f08000a4000 JavaThread "C2 CompilerThread1" daemon [_thread_blocked, id=16205, stack(0x00007f07f9367000,0x00007f07f9468000)]
  0x00007f08000a1000 JavaThread "C2 CompilerThread0" daemon [_thread_blocked, id=16204, stack(0x00007f07f9468000,0x00007f07f9569000)]
  0x00007f080009e800 JavaThread "Signal Dispatcher" daemon [_thread_blocked, id=16203, stack(0x00007f07f9569000,0x00007f07f966a000)]
  0x00007f080007c000 JavaThread "Finalizer" daemon [_thread_blocked, id=16202, stack(0x00007f07f9d4b000,0x00007f07f9e4c000)]
  0x00007f080007a000 JavaThread "Reference Handler" daemon [_thread_blocked, id=16201, stack(0x00007f07f9e4c000,0x00007f07f9f4d000)]
=>0x00007f080000a000 JavaThread "main" [_thread_in_native, id=16195, stack(0x00007f08065c2000,0x00007f08066c3000)]

Other Threads:
  0x00007f0800075800 VMThread [stack: 0x00007f07f9f4d000,0x00007f07fa04e000] [id=16200]
  0x00007f08000b9000 WatcherThread [stack: 0x00007f07f9165000,0x00007f07f9266000] [id=16207]

VM state:not at safepoint (normal execution)

VM Mutex/Monitor currently owned by a thread: None

Heap
 PSYoungGen      total 37376K, used 9075K [0x00000007d6d00000, 0x00000007d9680000, 0x0000000800000000)
  eden space 32256K, 28% used [0x00000007d6d00000,0x00000007d75dcf68,0x00000007d8c80000)
  from space 5120K, 0% used [0x00000007d9180000,0x00000007d9180000,0x00000007d9680000)
  to   space 5120K, 0% used [0x00000007d8c80000,0x00000007d8c80000,0x00000007d9180000)
 ParOldGen       total 83968K, used 0K [0x0000000784800000, 0x0000000789a00000, 0x00000007d6d00000)
  object space 83968K, 0% used [0x0000000784800000,0x0000000784800000,0x0000000789a00000)
 PSPermGen       total 21504K, used 3396K [0x000000077a200000, 0x000000077b700000, 0x0000000784800000)
  object space 21504K, 15% used [0x000000077a200000,0x000000077a5512e0,0x000000077b700000)

Card table byte_map: [0x00007f07fbd4d000,0x00007f07fc17d000] byte_map_base: 0x00007f07f817c000

Polling page: 0x00007f08066eb000

Code Cache  [0x00007f07fc17d000, 0x00007f07fc3ed000, 0x00007f07ff17d000)
 total_blobs=259 nmethods=42 adapters=170 free_code_cache=48653Kb largest_free_block=49807168

Compilation events (10 events):
Event: 7.580 Thread 0x00007f08000a4000   38             java.util.regex.Pattern$Node::study (21 bytes)
Event: 7.581 Thread 0x00007f08000a4000 nmethod 38 0x00007f07fc1e2cd0 code [0x00007f07fc1e2e20, 0x00007f07fc1e2eb8]
Event: 7.980 Thread 0x00007f08000a1000   39             java.util.regex.Pattern::atom (378 bytes)
Event: 8.002 Thread 0x00007f08000a1000 nmethod 39 0x00007f07fc1f7850 code [0x00007f07fc1f7d00, 0x00007f07fc1f8b18]
Event: 8.365 Thread 0x00007f08000a4000   40             java.util.ArrayList::access$100 (5 bytes)
Event: 8.365 Thread 0x00007f08000a4000 nmethod 40 0x00007f07fc1f9810 code [0x00007f07fc1f9940, 0x00007f07fc1f9998]
Event: 8.461 Thread 0x00007f08000a1000   41             java.util.regex.Pattern$TreeInfo::reset (21 bytes)
Event: 8.461 Thread 0x00007f08000a1000 nmethod 41 0x00007f07fc1f3790 code [0x00007f07fc1f38c0, 0x00007f07fc1f3938]
Event: 8.511 Thread 0x00007f08000a4000   42             edu.upc.freeling.ListAnalysis::<init> (15 bytes)
Event: 8.512 Thread 0x00007f08000a4000 nmethod 42 0x00007f07fc1e2210 code [0x00007f07fc1e2340, 0x00007f07fc1e23d8]

GC Heap History (0 events):
No events

Deoptimization events (0 events):
No events

Internal exceptions (10 events):
Event: 1.133 Thread 0x00007f080000a000 Threw 0x00000007d6dd0fc0 at /build/buildd/openjdk-7-7u51-2.4.4/build/openjdk/hotspot/src/share/vm/prims/jvm.cpp:1244
Event: 2.249 Thread 0x00007f080000a000 Threw 0x00000007d6dd4858 at /build/buildd/openjdk-7-7u51-2.4.4/build/openjdk/hotspot/src/share/vm/prims/jvm.cpp:1244
Event: 4.339 Thread 0x00007f080000a000 Threw 0x00000007d6dd8140 at /build/buildd/openjdk-7-7u51-2.4.4/build/openjdk/hotspot/src/share/vm/prims/jvm.cpp:1244
Event: 4.460 Thread 0x00007f080000a000 Threw 0x00000007d6ddc020 at /build/buildd/openjdk-7-7u51-2.4.4/build/openjdk/hotspot/src/share/vm/prims/jvm.cpp:1244
Event: 4.561 Thread 0x00007f080000a000 Threw 0x00000007d6de0550 at /build/buildd/openjdk-7-7u51-2.4.4/build/openjdk/hotspot/src/share/vm/prims/jvm.cpp:1244
Event: 4.562 Thread 0x00007f080000a000 Threw 0x00000007d6de4130 at /build/buildd/openjdk-7-7u51-2.4.4/build/openjdk/hotspot/src/share/vm/prims/jvm.cpp:1244
Event: 4.563 Thread 0x00007f080000a000 Threw 0x00000007d6dea320 at /build/buildd/openjdk-7-7u51-2.4.4/build/openjdk/hotspot/src/share/vm/prims/jvm.cpp:1244
Event: 4.564 Thread 0x00007f080000a000 Threw 0x00000007d6dee0c8 at /build/buildd/openjdk-7-7u51-2.4.4/build/openjdk/hotspot/src/share/vm/prims/jvm.cpp:1244
Event: 4.564 Thread 0x00007f080000a000 Threw 0x00000007d6df8ce0 at /build/buildd/openjdk-7-7u51-2.4.4/build/openjdk/hotspot/src/share/vm/prims/jvm.cpp:1244
Event: 4.571 Thread 0x00007f080000a000 Threw 0x00000007d6e0ad38 at /build/buildd/openjdk-7-7u51-2.4.4/build/openjdk/hotspot/src/share/vm/prims/jvm.cpp:1244

Events (10 events):
Event: 4.576 loading class 0x00007f08000adb60
Event: 4.576 loading class 0x00007f08000adb60 done
Event: 4.576 loading class 0x00007f08000ae550
Event: 4.576 loading class 0x00007f08000ae550 done
Event: 4.576 loading class 0x00007f08000af2a0
Event: 4.576 loading class 0x00007f08000af2a0 done
Event: 4.576 loading class 0x00007f08000ae640
Event: 4.576 loading class 0x00007f08000ae640 done
Event: 4.576 loading class 0x00007f08000ad860
Event: 4.576 loading class 0x00007f08000ad860 done


Dynamic libraries:
00400000-00401000 r-xp 00000000 08:06 4590499                            /usr/lib/jvm/java-7-openjdk-amd64/jre/bin/java
00600000-00601000 r--p 00000000 08:06 4590499                            /usr/lib/jvm/java-7-openjdk-amd64/jre/bin/java
00601000-00602000 rw-p 00001000 08:06 4590499                            /usr/lib/jvm/java-7-openjdk-amd64/jre/bin/java
010ef000-01110000 rw-p 00000000 00:00 0                                  [heap]
77a200000-77b700000 rw-p 00000000 00:00 0 
77b700000-784800000 rw-p 00000000 00:00 0 
784800000-789a00000 rw-p 00000000 00:00 0 
789a00000-7d6d00000 rw-p 00000000 00:00 0 
7d6d00000-7d9680000 rw-p 00000000 00:00 0 
7d9680000-800000000 rw-p 00000000 00:00 0 
7f07b0000000-7f07b7fa7000 rw-p 00000000 00:00 0 
7f07b7fa7000-7f07b8000000 ---p 00000000 00:00 0 
7f07b8000000-7f07b8021000 rw-p 00000000 00:00 0 
7f07b8021000-7f07bc000000 ---p 00000000 00:00 0 
7f07bc000000-7f07bc021000 rw-p 00000000 00:00 0 
7f07bc021000-7f07c0000000 ---p 00000000 00:00 0 
7f07c0000000-7f07c0325000 rw-p 00000000 00:00 0 
7f07c0325000-7f07c4000000 ---p 00000000 00:00 0 
7f07c4000000-7f07c4167000 rw-p 00000000 00:00 0 
7f07c4167000-7f07c8000000 ---p 00000000 00:00 0 
7f07c8000000-7f07c8021000 rw-p 00000000 00:00 0 
7f07c8021000-7f07cc000000 ---p 00000000 00:00 0 
7f07cc000000-7f07cc021000 rw-p 00000000 00:00 0 
7f07cc021000-7f07d0000000 ---p 00000000 00:00 0 
7f07d0000000-7f07d0021000 rw-p 00000000 00:00 0 
7f07d0021000-7f07d4000000 ---p 00000000 00:00 0 
7f07d7d10000-7f07dc000000 rw-p 00000000 00:00 0 
7f07dc000000-7f07dc021000 rw-p 00000000 00:00 0 
7f07dc021000-7f07e0000000 ---p 00000000 00:00 0 
7f07e0000000-7f07e0021000 rw-p 00000000 00:00 0 
7f07e0021000-7f07e4000000 ---p 00000000 00:00 0 
7f07e4000000-7f07e4021000 rw-p 00000000 00:00 0 
7f07e4021000-7f07e8000000 ---p 00000000 00:00 0 
7f07ec000000-7f07ec021000 rw-p 00000000 00:00 0 
7f07ec021000-7f07f0000000 ---p 00000000 00:00 0 
7f07f07e3000-7f07f0fec000 rw-p 00000000 00:00 0 
7f07f0fec000-7f07f215b000 r-xp 00000000 08:06 1971079                    /usr/lib/x86_64-linux-gnu/libicudata.so.48.1.1
7f07f215b000-7f07f235a000 ---p 0116f000 08:06 1971079                    /usr/lib/x86_64-linux-gnu/libicudata.so.48.1.1
7f07f235a000-7f07f235b000 r--p 0116e000 08:06 1971079                    /usr/lib/x86_64-linux-gnu/libicudata.so.48.1.1
7f07f235b000-7f07f235c000 rw-p 0116f000 08:06 1971079                    /usr/lib/x86_64-linux-gnu/libicudata.so.48.1.1
7f07f235c000-7f07f25de000 r-xp 00000000 08:06 2378881                    /usr/local/lib/libfreeling-3.1.so
7f07f25de000-7f07f27de000 ---p 00282000 08:06 2378881                    /usr/local/lib/libfreeling-3.1.so
7f07f27de000-7f07f27e3000 r--p 00282000 08:06 2378881                    /usr/local/lib/libfreeling-3.1.so
7f07f27e3000-7f07f27e8000 rw-p 00287000 08:06 2378881                    /usr/local/lib/libfreeling-3.1.so
7f07f27e8000-7f07f4000000 rw-p 00000000 00:00 0 
7f07f4000000-7f07f4021000 rw-p 00000000 00:00 0 
7f07f4021000-7f07f8000000 ---p 00000000 00:00 0 
7f07f81ee000-7f07f8432000 rw-p 00000000 00:00 0 
7f07f8432000-7f07f85eb000 r-xp 00000000 08:06 1971083                    /usr/lib/x86_64-linux-gnu/libicui18n.so.48.1.1
7f07f85eb000-7f07f87ea000 ---p 001b9000 08:06 1971083                    /usr/lib/x86_64-linux-gnu/libicui18n.so.48.1.1
7f07f87ea000-7f07f87f7000 r--p 001b8000 08:06 1971083                    /usr/lib/x86_64-linux-gnu/libicui18n.so.48.1.1
7f07f87f7000-7f07f87f8000 rw-p 001c5000 08:06 1971083                    /usr/lib/x86_64-linux-gnu/libicui18n.so.48.1.1
7f07f87f8000-7f07f894e000 r-xp 00000000 08:06 1980633                    /usr/lib/x86_64-linux-gnu/libicuuc.so.48.1.1
7f07f894e000-7f07f8b4d000 ---p 00156000 08:06 1980633                    /usr/lib/x86_64-linux-gnu/libicuuc.so.48.1.1
7f07f8b4d000-7f07f8b5e000 r--p 00155000 08:06 1980633                    /usr/lib/x86_64-linux-gnu/libicuuc.so.48.1.1
7f07f8b5e000-7f07f8b5f000 rw-p 00166000 08:06 1980633                    /usr/lib/x86_64-linux-gnu/libicuuc.so.48.1.1
7f07f8b5f000-7f07f8b63000 rw-p 00000000 00:00 0 
7f07f8b63000-7f07f8c77000 r-xp 00000000 08:06 1966308                    /usr/lib/libboost_regex.so.1.49.0
7f07f8c77000-7f07f8e76000 ---p 00114000 08:06 1966308                    /usr/lib/libboost_regex.so.1.49.0
7f07f8e76000-7f07f8e7b000 r--p 00113000 08:06 1966308                    /usr/lib/libboost_regex.so.1.49.0
7f07f8e7b000-7f07f8e7e000 rw-p 00118000 08:06 1966308                    /usr/lib/libboost_regex.so.1.49.0
7f07f8ea2000-7f07f8f61000 r-xp 00000000 08:06 6060713                    /usr/local/lib/libfreeling_javaAPI.so
7f07f8f61000-7f07f9160000 ---p 000bf000 08:06 6060713                    /usr/local/lib/libfreeling_javaAPI.so
7f07f9160000-7f07f9161000 r--p 000be000 08:06 6060713                    /usr/local/lib/libfreeling_javaAPI.so
7f07f9161000-7f07f9165000 rw-p 000bf000 08:06 6060713                    /usr/local/lib/libfreeling_javaAPI.so
7f07f9165000-7f07f9166000 ---p 00000000 00:00 0 
7f07f9166000-7f07f9266000 rw-p 00000000 00:00 0                          [stack:16207]
7f07f9266000-7f07f9269000 ---p 00000000 00:00 0 
7f07f9269000-7f07f9367000 rw-p 00000000 00:00 0                          [stack:16206]
7f07f9367000-7f07f936a000 ---p 00000000 00:00 0 
7f07f936a000-7f07f9468000 rw-p 00000000 00:00 0                          [stack:16205]
7f07f9468000-7f07f946b000 ---p 00000000 00:00 0 
7f07f946b000-7f07f9569000 rw-p 00000000 00:00 0                          [stack:16204]
7f07f9569000-7f07f956c000 ---p 00000000 00:00 0 
7f07f956c000-7f07f966a000 rw-p 00000000 00:00 0                          [stack:16203]
7f07f966a000-7f07f9d4b000 r--p 00000000 08:06 1972544                    /usr/lib/locale/locale-archive
7f07f9d4b000-7f07f9d4e000 ---p 00000000 00:00 0 
7f07f9d4e000-7f07f9e4c000 rw-p 00000000 00:00 0                          [stack:16202]
7f07f9e4c000-7f07f9e4f000 ---p 00000000 00:00 0 
7f07f9e4f000-7f07f9f4d000 rw-p 00000000 00:00 0                          [stack:16201]
7f07f9f4d000-7f07f9f4e000 ---p 00000000 00:00 0 
7f07f9f4e000-7f07fb008000 rw-p 00000000 00:00 0                          [stack:16200]
7f07fb008000-7f07fb1b6000 r--s 01cf4000 08:06 3413171                    /usr/lib/jvm/java-7-openjdk-amd64/jre/lib/rt.jar
7f07fb1b6000-7f07fb6b6000 rw-p 00000000 00:00 0 
7f07fb6b6000-7f07fb6b7000 ---p 00000000 00:00 0 
7f07fb6b7000-7f07fb7b7000 rw-p 00000000 00:00 0                          [stack:16199]
7f07fb7b7000-7f07fb7b8000 ---p 00000000 00:00 0 
7f07fb7b8000-7f07fb8b8000 rw-p 00000000 00:00 0                          [stack:16198]
7f07fb8b8000-7f07fb8b9000 ---p 00000000 00:00 0 
7f07fb8b9000-7f07fb9b9000 rw-p 00000000 00:00 0                          [stack:16197]
7f07fb9b9000-7f07fb9ba000 ---p 00000000 00:00 0 
7f07fb9ba000-7f07fbae3000 rw-p 00000000 00:00 0                          [stack:16196]
7f07fbae3000-7f07fbd4d000 rw-p 00000000 00:00 0 
7f07fbd4d000-7f07fbd58000 rw-p 00000000 00:00 0 
7f07fbd58000-7f07fbda0000 rw-p 00000000 00:00 0 
7f07fbda0000-7f07fbdc9000 rw-p 00000000 00:00 0 
7f07fbdc9000-7f07fc032000 rw-p 00000000 00:00 0 
7f07fc032000-7f07fc048000 rw-p 00000000 00:00 0 
7f07fc048000-7f07fc17c000 rw-p 00000000 00:00 0 
7f07fc17c000-7f07fc17d000 rw-p 00000000 00:00 0 
7f07fc17d000-7f07fc3ed000 rwxp 00000000 00:00 0 
7f07fc3ed000-7f07ff17d000 rw-p 00000000 00:00 0 
7f07ff17d000-7f07ff185000 r-xp 00000000 08:06 4332592                    /usr/lib/jvm/java-7-openjdk-amd64/jre/lib/amd64/libzip.so
7f07ff185000-7f07ff384000 ---p 00008000 08:06 4332592                    /usr/lib/jvm/java-7-openjdk-amd64/jre/lib/amd64/libzip.so
7f07ff384000-7f07ff385000 r--p 00007000 08:06 4332592                    /usr/lib/jvm/java-7-openjdk-amd64/jre/lib/amd64/libzip.so
7f07ff385000-7f07ff386000 rw-p 00008000 08:06 4332592                    /usr/lib/jvm/java-7-openjdk-amd64/jre/lib/amd64/libzip.so
7f07ff386000-7f07ff392000 r-xp 00000000 08:06 5769447                    /lib/x86_64-linux-gnu/libnss_files-2.17.so
7f07ff392000-7f07ff591000 ---p 0000c000 08:06 5769447                    /lib/x86_64-linux-gnu/libnss_files-2.17.so
7f07ff591000-7f07ff592000 r--p 0000b000 08:06 5769447                    /lib/x86_64-linux-gnu/libnss_files-2.17.so
7f07ff592000-7f07ff593000 rw-p 0000c000 08:06 5769447                    /lib/x86_64-linux-gnu/libnss_files-2.17.so
7f07ff593000-7f07ff59e000 r-xp 00000000 08:06 5769474                    /lib/x86_64-linux-gnu/libnss_nis-2.17.so
7f07ff59e000-7f07ff79d000 ---p 0000b000 08:06 5769474                    /lib/x86_64-linux-gnu/libnss_nis-2.17.so
7f07ff79d000-7f07ff79e000 r--p 0000a000 08:06 5769474                    /lib/x86_64-linux-gnu/libnss_nis-2.17.so
7f07ff79e000-7f07ff79f000 rw-p 0000b000 08:06 5769474                    /lib/x86_64-linux-gnu/libnss_nis-2.17.so
7f07ff79f000-7f07ff7b6000 r-xp 00000000 08:06 5769428                    /lib/x86_64-linux-gnu/libnsl-2.17.so
7f07ff7b6000-7f07ff9b5000 ---p 00017000 08:06 5769428                    /lib/x86_64-linux-gnu/libnsl-2.17.so
7f07ff9b5000-7f07ff9b6000 r--p 00016000 08:06 5769428                    /lib/x86_64-linux-gnu/libnsl-2.17.so
7f07ff9b6000-7f07ff9b7000 rw-p 00017000 08:06 5769428                    /lib/x86_64-linux-gnu/libnsl-2.17.so
7f07ff9b7000-7f07ff9b9000 rw-p 00000000 00:00 0 
7f07ff9b9000-7f07ff9c1000 r-xp 00000000 08:06 5769480                    /lib/x86_64-linux-gnu/libnss_compat-2.17.so
7f07ff9c1000-7f07ffbc0000 ---p 00008000 08:06 5769480                    /lib/x86_64-linux-gnu/libnss_compat-2.17.so
7f07ffbc0000-7f07ffbc1000 r--p 00007000 08:06 5769480                    /lib/x86_64-linux-gnu/libnss_compat-2.17.so
7f07ffbc1000-7f07ffbc2000 rw-p 00008000 08:06 5769480                    /lib/x86_64-linux-gnu/libnss_compat-2.17.so
7f07ffbc2000-7f07ffbed000 r-xp 00000000 08:06 4332576                    /usr/lib/jvm/java-7-openjdk-amd64/jre/lib/amd64/libjava.so
7f07ffbed000-7f07ffdec000 ---p 0002b000 08:06 4332576                    /usr/lib/jvm/java-7-openjdk-amd64/jre/lib/amd64/libjava.so
7f07ffdec000-7f07ffded000 r--p 0002a000 08:06 4332576                    /usr/lib/jvm/java-7-openjdk-amd64/jre/lib/amd64/libjava.so
7f07ffded000-7f07ffdef000 rw-p 0002b000 08:06 4332576                    /usr/lib/jvm/java-7-openjdk-amd64/jre/lib/amd64/libjava.so
7f07ffdef000-7f07ffdfe000 r-xp 00000000 08:06 4332575                    /usr/lib/jvm/java-7-openjdk-amd64/jre/lib/amd64/libverify.so
7f07ffdfe000-7f07ffffd000 ---p 0000f000 08:06 4332575                    /usr/lib/jvm/java-7-openjdk-amd64/jre/lib/amd64/libverify.so
7f07ffffd000-7f07fffff000 r--p 0000e000 08:06 4332575                    /usr/lib/jvm/java-7-openjdk-amd64/jre/lib/amd64/libverify.so
7f07fffff000-7f0800000000 rw-p 00010000 08:06 4332575                    /usr/lib/jvm/java-7-openjdk-amd64/jre/lib/amd64/libverify.so
7f0800000000-7f0804000000 rw-p 00000000 00:00 0 
7f0804002000-7f08040a1000 rw-p 00000000 00:00 0 
7f08040a1000-7f08040e9000 rw-p 00000000 00:00 0 
7f08040e9000-7f08040f0000 r-xp 00000000 08:06 5769457                    /lib/x86_64-linux-gnu/librt-2.17.so
7f08040f0000-7f08042ef000 ---p 00007000 08:06 5769457                    /lib/x86_64-linux-gnu/librt-2.17.so
7f08042ef000-7f08042f0000 r--p 00006000 08:06 5769457                    /lib/x86_64-linux-gnu/librt-2.17.so
7f08042f0000-7f08042f1000 rw-p 00007000 08:06 5769457                    /lib/x86_64-linux-gnu/librt-2.17.so
7f08042f1000-7f0804305000 r-xp 00000000 08:06 5770934                    /lib/x86_64-linux-gnu/libgcc_s.so.1
7f0804305000-7f0804505000 ---p 00014000 08:06 5770934                    /lib/x86_64-linux-gnu/libgcc_s.so.1
7f0804505000-7f0804506000 r--p 00014000 08:06 5770934                    /lib/x86_64-linux-gnu/libgcc_s.so.1
7f0804506000-7f0804507000 rw-p 00015000 08:06 5770934                    /lib/x86_64-linux-gnu/libgcc_s.so.1
7f0804507000-7f080460a000 r-xp 00000000 08:06 5769479                    /lib/x86_64-linux-gnu/libm-2.17.so
7f080460a000-7f080480a000 ---p 00103000 08:06 5769479                    /lib/x86_64-linux-gnu/libm-2.17.so
7f080480a000-7f080480b000 r--p 00103000 08:06 5769479                    /lib/x86_64-linux-gnu/libm-2.17.so
7f080480b000-7f080480c000 rw-p 00104000 08:06 5769479                    /lib/x86_64-linux-gnu/libm-2.17.so
7f080480c000-7f08048f1000 r-xp 00000000 08:06 1974230                    /usr/lib/x86_64-linux-gnu/libstdc++.so.6.0.17
7f08048f1000-7f0804af0000 ---p 000e5000 08:06 1974230                    /usr/lib/x86_64-linux-gnu/libstdc++.so.6.0.17
7f0804af0000-7f0804af8000 r--p 000e4000 08:06 1974230                    /usr/lib/x86_64-linux-gnu/libstdc++.so.6.0.17
7f0804af8000-7f0804afa000 rw-p 000ec000 08:06 1974230                    /usr/lib/x86_64-linux-gnu/libstdc++.so.6.0.17
7f0804afa000-7f0804b0f000 rw-p 00000000 00:00 0 
7f0804b0f000-7f08055d5000 r-xp 00000000 08:06 4588409                    /usr/lib/jvm/java-7-openjdk-amd64/jre/lib/amd64/server/libjvm.so
7f08055d5000-7f08057d5000 ---p 00ac6000 08:06 4588409                    /usr/lib/jvm/java-7-openjdk-amd64/jre/lib/amd64/server/libjvm.so
7f08057d5000-7f080586d000 r--p 00ac6000 08:06 4588409                    /usr/lib/jvm/java-7-openjdk-amd64/jre/lib/amd64/server/libjvm.so
7f080586d000-7f0805890000 rw-p 00b5e000 08:06 4588409                    /usr/lib/jvm/java-7-openjdk-amd64/jre/lib/amd64/server/libjvm.so
7f0805890000-7f08058bd000 rw-p 00000000 00:00 0 
7f08058bd000-7f08058d3000 r-xp 00000000 08:06 5771062                    /lib/x86_64-linux-gnu/libz.so.1.2.7
7f08058d3000-7f0805ad2000 ---p 00016000 08:06 5771062                    /lib/x86_64-linux-gnu/libz.so.1.2.7
7f0805ad2000-7f0805ad3000 r--p 00015000 08:06 5771062                    /lib/x86_64-linux-gnu/libz.so.1.2.7
7f0805ad3000-7f0805ad4000 rw-p 00016000 08:06 5771062                    /lib/x86_64-linux-gnu/libz.so.1.2.7
7f0805ad4000-7f0805aec000 r-xp 00000000 08:06 5769430                    /lib/x86_64-linux-gnu/libpthread-2.17.so
7f0805aec000-7f0805ceb000 ---p 00018000 08:06 5769430                    /lib/x86_64-linux-gnu/libpthread-2.17.so
7f0805ceb000-7f0805cec000 r--p 00017000 08:06 5769430                    /lib/x86_64-linux-gnu/libpthread-2.17.so
7f0805cec000-7f0805ced000 rw-p 00018000 08:06 5769430                    /lib/x86_64-linux-gnu/libpthread-2.17.so
7f0805ced000-7f0805cf1000 rw-p 00000000 00:00 0 
7f0805cf1000-7f0805cf4000 r-xp 00000000 08:06 5769446                    /lib/x86_64-linux-gnu/libdl-2.17.so
7f0805cf4000-7f0805ef3000 ---p 00003000 08:06 5769446                    /lib/x86_64-linux-gnu/libdl-2.17.so
7f0805ef3000-7f0805ef4000 r--p 00002000 08:06 5769446                    /lib/x86_64-linux-gnu/libdl-2.17.so
7f0805ef4000-7f0805ef5000 rw-p 00003000 08:06 5769446                    /lib/x86_64-linux-gnu/libdl-2.17.so
7f0805ef5000-7f08060b4000 r-xp 00000000 08:06 5769490                    /lib/x86_64-linux-gnu/libc-2.17.so
7f08060b4000-7f08062b3000 ---p 001bf000 08:06 5769490                    /lib/x86_64-linux-gnu/libc-2.17.so
7f08062b3000-7f08062b7000 r--p 001be000 08:06 5769490                    /lib/x86_64-linux-gnu/libc-2.17.so
7f08062b7000-7f08062b9000 rw-p 001c2000 08:06 5769490                    /lib/x86_64-linux-gnu/libc-2.17.so
7f08062b9000-7f08062be000 rw-p 00000000 00:00 0 
7f08062be000-7f08062cb000 r-xp 00000000 08:06 4588406                    /usr/lib/jvm/java-7-openjdk-amd64/jre/lib/amd64/jli/libjli.so
7f08062cb000-7f08064ca000 ---p 0000d000 08:06 4588406                    /usr/lib/jvm/java-7-openjdk-amd64/jre/lib/amd64/jli/libjli.so
7f08064ca000-7f08064cb000 r--p 0000c000 08:06 4588406                    /usr/lib/jvm/java-7-openjdk-amd64/jre/lib/amd64/jli/libjli.so
7f08064cb000-7f08064cc000 rw-p 0000d000 08:06 4588406                    /usr/lib/jvm/java-7-openjdk-amd64/jre/lib/amd64/jli/libjli.so
7f08064cc000-7f08064ef000 r-xp 00000000 08:06 5769285                    /lib/x86_64-linux-gnu/ld-2.17.so
7f08064fb000-7f0806502000 r--s 00000000 08:06 2371280                    /usr/lib/x86_64-linux-gnu/gconv/gconv-modules.cache
7f0806502000-7f080650c000 rw-p 00000000 00:00 0 
7f080650c000-7f08065c2000 rw-p 00000000 00:00 0 
7f08065c2000-7f08065c5000 ---p 00000000 00:00 0 
7f08065c5000-7f08066c8000 rw-p 00000000 00:00 0                          [stack:16195]
7f08066cc000-7f08066d0000 r--s 00021000 08:06 6039637                    /home/vieyra/SWB4/swb/lib/NLP/freeling-3.1.jar
7f08066d0000-7f08066d4000 r--s 0003b000 08:06 3801371                    /usr/lib/jvm/java-7-openjdk-amd64/jre/lib/ext/sunpkcs11.jar
7f08066d4000-7f08066d7000 r--s 00032000 08:06 3801374                    /usr/lib/jvm/java-7-openjdk-amd64/jre/lib/ext/sunjce_provider.jar
7f08066d7000-7f08066db000 r--s 00085000 08:06 3801383                    /usr/lib/jvm/java-7-openjdk-amd64/jre/lib/ext/localedata.jar
7f08066db000-7f08066dd000 r--s 00012000 08:06 3801377                    /usr/lib/jvm/java-7-openjdk-amd64/jre/lib/ext/zipfs.jar
7f08066dd000-7f08066df000 r--s 0000f000 08:06 3801381                    /usr/lib/jvm/java-7-openjdk-amd64/jre/lib/ext/pulse-java.jar
7f08066df000-7f08066e0000 r--s 00002000 08:06 3801379                    /usr/lib/jvm/java-7-openjdk-amd64/jre/lib/ext/dnsns.jar
7f08066e0000-7f08066e2000 r--s 00006000 08:06 2367710                    /usr/share/java/java-atk-wrapper.jar
7f08066e2000-7f08066ea000 rw-s 00000000 08:06 527727                     /tmp/hsperfdata_vieyra/16190
7f08066ea000-7f08066eb000 rw-p 00000000 00:00 0 
7f08066eb000-7f08066ec000 r--p 00000000 00:00 0 
7f08066ec000-7f08066ee000 rw-p 00000000 00:00 0 
7f08066ee000-7f08066ef000 r--p 00022000 08:06 5769285                    /lib/x86_64-linux-gnu/ld-2.17.so
7f08066ef000-7f08066f1000 rw-p 00023000 08:06 5769285                    /lib/x86_64-linux-gnu/ld-2.17.so
7fff26510000-7fff26531000 rw-p 00000000 00:00 0                          [stack]
7fff265fe000-7fff26600000 r-xp 00000000 00:00 0                          [vdso]
ffffffffff600000-ffffffffff601000 r-xp 00000000 00:00 0                  [vsyscall]

VM Arguments:
jvm_args: -Dfile.encoding=UTF-8 
java_command: knOWLearn.TermExtraction.TermExtractor
Launcher Type: SUN_STANDARD

Environment Variables:
PATH=/usr/local/sbin:/usr/local/bin:/usr/sbin:/usr/bin:/sbin:/bin:/usr/games:/usr/local/games
USERNAME=vieyra
LD_LIBRARY_PATH=/usr/lib/jvm/default-java/jre/lib/amd64:/usr/lib/jvm/default-java/jre/lib/i386:/usr/local/lib:/usr/local/
SHELL=/bin/bash
DISPLAY=:0.0

Signal Handlers:
SIGSEGV: [libjvm.so+0x8f8310], sa_mask[0]=0x7ffbfeff, sa_flags=0x10000004
SIGBUS: [libjvm.so+0x8f8310], sa_mask[0]=0x7ffbfeff, sa_flags=0x10000004
SIGFPE: [libjvm.so+0x781ce0], sa_mask[0]=0x7ffbfeff, sa_flags=0x10000004
SIGPIPE: [libjvm.so+0x781ce0], sa_mask[0]=0x7ffbfeff, sa_flags=0x10000004
SIGXFSZ: [libjvm.so+0x781ce0], sa_mask[0]=0x7ffbfeff, sa_flags=0x10000004
SIGILL: [libjvm.so+0x781ce0], sa_mask[0]=0x7ffbfeff, sa_flags=0x10000004
SIGUSR1: SIG_DFL, sa_mask[0]=0x00000000, sa_flags=0x00000000
SIGUSR2: [libjvm.so+0x781fd0], sa_mask[0]=0x00000004, sa_flags=0x10000004
SIGHUP: [libjvm.so+0x782140], sa_mask[0]=0x7ffbfeff, sa_flags=0x10000004
SIGINT: SIG_IGN, sa_mask[0]=0x00000000, sa_flags=0x00000000
SIGTERM: [libjvm.so+0x782140], sa_mask[0]=0x7ffbfeff, sa_flags=0x10000004
SIGQUIT: [libjvm.so+0x782140], sa_mask[0]=0x7ffbfeff, sa_flags=0x10000004


---------------  S Y S T E M  ---------------

OS:Ubuntu 13.04 (raring)
uname:Linux 3.8.0-35-generic #50-Ubuntu SMP Tue Dec 3 01:24:59 UTC 2013 x86_64
libc:glibc 2.17 NPTL 2.17 
rlimit: STACK 8192k, CORE 0k, NPROC 63018, NOFILE 4096, AS infinity
load average:0.83 0.61 0.53

/proc/meminfo:
MemTotal:        8085532 kB
MemFree:         1696484 kB
Buffers:          348380 kB
Cached:          2915968 kB
SwapCached:            0 kB
Active:          3740668 kB
Inactive:        2243544 kB
Active(anon):    2737000 kB
Inactive(anon):   702320 kB
Active(file):    1003668 kB
Inactive(file):  1541224 kB
Unevictable:          44 kB
Mlocked:              44 kB
SwapTotal:       4194300 kB
SwapFree:        4194300 kB
Dirty:               744 kB
Writeback:             0 kB
AnonPages:       2719956 kB
Mapped:           401956 kB
Shmem:            719460 kB
Slab:             254244 kB
SReclaimable:     214068 kB
SUnreclaim:        40176 kB
KernelStack:        6608 kB
PageTables:        56924 kB
NFS_Unstable:          0 kB
Bounce:                0 kB
WritebackTmp:          0 kB
CommitLimit:     8237064 kB
Committed_AS:    8373408 kB
VmallocTotal:   34359738367 kB
VmallocUsed:      552848 kB
VmallocChunk:   34359177692 kB
HardwareCorrupted:     0 kB
AnonHugePages:         0 kB
HugePages_Total:       0
HugePages_Free:        0
HugePages_Rsvd:        0
HugePages_Surp:        0
Hugepagesize:       2048 kB
DirectMap4k:       61440 kB
DirectMap2M:     8245248 kB


CPU:total 4 (2 cores per cpu, 2 threads per core) family 6 model 42 stepping 7, cmov, cx8, fxsr, mmx, sse, sse2, sse3, ssse3, sse4.1, sse4.2, popcnt, avx, aes, ht, tsc, tscinvbit

/proc/cpuinfo:
processor	: 0
vendor_id	: GenuineIntel
cpu family	: 6
model		: 42
model name	: Intel(R) Core(TM) i5-2450M CPU @ 2.50GHz
stepping	: 7
microcode	: 0x1a
cpu MHz		: 800.000
cache size	: 3072 KB
physical id	: 0
siblings	: 4
core id		: 0
cpu cores	: 2
apicid		: 0
initial apicid	: 0
fpu		: yes
fpu_exception	: yes
cpuid level	: 13
wp		: yes
flags		: fpu vme de pse tsc msr pae mce cx8 apic sep mtrr pge mca cmov pat pse36 clflush dts acpi mmx fxsr sse sse2 ss ht tm pbe syscall nx rdtscp lm constant_tsc arch_perfmon pebs bts rep_good nopl xtopology nonstop_tsc aperfmperf eagerfpu pni pclmulqdq dtes64 monitor ds_cpl vmx est tm2 ssse3 cx16 xtpr pdcm pcid sse4_1 sse4_2 x2apic popcnt tsc_deadline_timer aes xsave avx lahf_lm ida arat epb xsaveopt pln pts dtherm tpr_shadow vnmi flexpriority ept vpid
bogomips	: 4988.22
clflush size	: 64
cache_alignment	: 64
address sizes	: 36 bits physical, 48 bits virtual
power management:

processor	: 1
vendor_id	: GenuineIntel
cpu family	: 6
model		: 42
model name	: Intel(R) Core(TM) i5-2450M CPU @ 2.50GHz
stepping	: 7
microcode	: 0x1a
cpu MHz		: 800.000
cache size	: 3072 KB
physical id	: 0
siblings	: 4
core id		: 0
cpu cores	: 2
apicid		: 1
initial apicid	: 1
fpu		: yes
fpu_exception	: yes
cpuid level	: 13
wp		: yes
flags		: fpu vme de pse tsc msr pae mce cx8 apic sep mtrr pge mca cmov pat pse36 clflush dts acpi mmx fxsr sse sse2 ss ht tm pbe syscall nx rdtscp lm constant_tsc arch_perfmon pebs bts rep_good nopl xtopology nonstop_tsc aperfmperf eagerfpu pni pclmulqdq dtes64 monitor ds_cpl vmx est tm2 ssse3 cx16 xtpr pdcm pcid sse4_1 sse4_2 x2apic popcnt tsc_deadline_timer aes xsave avx lahf_lm ida arat epb xsaveopt pln pts dtherm tpr_shadow vnmi flexpriority ept vpid
bogomips	: 4988.22
clflush size	: 64
cache_alignment	: 64
address sizes	: 36 bits physical, 48 bits virtual
power management:

processor	: 2
vendor_id	: GenuineIntel
cpu family	: 6
model		: 42
model name	: Intel(R) Core(TM) i5-2450M CPU @ 2.50GHz
stepping	: 7
microcode	: 0x1a
cpu MHz		: 2500.000
cache size	: 3072 KB
physical id	: 0
siblings	: 4
core id		: 1
cpu cores	: 2
apicid		: 2
initial apicid	: 2
fpu		: yes
fpu_exception	: yes
cpuid level	: 13
wp		: yes
flags		: fpu vme de pse tsc msr pae mce cx8 apic sep mtrr pge mca cmov pat pse36 clflush dts acpi mmx fxsr sse sse2 ss ht tm pbe syscall nx rdtscp lm constant_tsc arch_perfmon pebs bts rep_good nopl xtopology nonstop_tsc aperfmperf eagerfpu pni pclmulqdq dtes64 monitor ds_cpl vmx est tm2 ssse3 cx16 xtpr pdcm pcid sse4_1 sse4_2 x2apic popcnt tsc_deadline_timer aes xsave avx lahf_lm ida arat epb xsaveopt pln pts dtherm tpr_shadow vnmi flexpriority ept vpid
bogomips	: 4988.22
clflush size	: 64
cache_alignment	: 64
address sizes	: 36 bits physical, 48 bits virtual
power management:

processor	: 3
vendor_id	: GenuineIntel
cpu family	: 6
model		: 42
model name	: Intel(R) Core(TM) i5-2450M CPU @ 2.50GHz
stepping	: 7
microcode	: 0x1a
cpu MHz		: 800.000
cache size	: 3072 KB
physical id	: 0
siblings	: 4
core id		: 1
cpu cores	: 2
apicid		: 3
initial apicid	: 3
fpu		: yes
fpu_exception	: yes
cpuid level	: 13
wp		: yes
flags		: fpu vme de pse tsc msr pae mce cx8 apic sep mtrr pge mca cmov pat pse36 clflush dts acpi mmx fxsr sse sse2 ss ht tm pbe syscall nx rdtscp lm constant_tsc arch_perfmon pebs bts rep_good nopl xtopology nonstop_tsc aperfmperf eagerfpu pni pclmulqdq dtes64 monitor ds_cpl vmx est tm2 ssse3 cx16 xtpr pdcm pcid sse4_1 sse4_2 x2apic popcnt tsc_deadline_timer aes xsave avx lahf_lm ida arat epb xsaveopt pln pts dtherm tpr_shadow vnmi flexpriority ept vpid
bogomips	: 4988.22
clflush size	: 64
cache_alignment	: 64
address sizes	: 36 bits physical, 48 bits virtual
power management:



Memory: 4k page, physical 8085532k(1696484k free), swap 4194300k(4194300k free)

vm_info: OpenJDK 64-Bit Server VM (24.45-b08) for linux-amd64 JRE (1.7.0_51-b00), built on Jan 16 2014 18:17:06 by "buildd" with gcc 4.7.3

time: Wed Apr  9 18:38:37 2014
elapsed time: 8 seconds

