#
# A fatal error has been detected by the Java Runtime Environment:
#
#  SIGSEGV (0xb) at pc=0x00007fdcf8564444, pid=16714, tid=140587067352832
#
# JRE version: OpenJDK Runtime Environment (7.0_51) (build 1.7.0_51-b00)
# Java VM: OpenJDK 64-Bit Server VM (24.45-b08 mixed mode linux-amd64 compressed oops)
# Problematic frame:
# C  [libstdc++.so.6+0xc0444]  std::basic_string<wchar_t, std::char_traits<wchar_t>, std::allocator<wchar_t> >::assign(std::basic_string<wchar_t, std::char_traits<wchar_t>, std::allocator<wchar_t> > const&)+0x24
#
# Failed to write core dump. Core dumps have been disabled. To enable core dumping, try "ulimit -c unlimited" before starting Java again
#
# If you would like to submit a bug report, please include
# instructions on how to reproduce the bug and visit:
#   http://icedtea.classpath.org/bugzilla
# The crash happened outside the Java Virtual Machine in native code.
# See problematic frame for where to report the bug.
#

---------------  T H R E A D  ---------------

Current thread (0x00007fdcf000a000):  JavaThread "main" [_thread_in_native, id=16718, stack(0x00007fdcfa25a000,0x00007fdcfa35b000)]

siginfo:si_signo=SIGSEGV: si_errno=0, si_code=1 (SEGV_MAPERR), si_addr=0x0000000000000023

Registers:
RAX=0x000000000000002b, RBX=0x00007fdca9b0ea60, RCX=0x00007fdcf0000020, RDX=0x00007fdcf87a64e0
RSP=0x00007fdcfa3593b0, RBP=0x00007fdca7a66dd0, RSI=0x00007fdca7a66de0, RDI=0x0000000000000013
R8 =0x00007fdca7a66dd0, R9 =0x0000000000000098, R10=0x000000000000000a, R11=0x00007fdcf0000078
R12=0x00007fdca9b0ea90, R13=0x000000077a4de1f0, R14=0x00007fdcfa359638, R15=0x00007fdcf000a000
RIP=0x00007fdcf8564444, EFLAGS=0x0000000000010287, CSGSFS=0x0000000000000033, ERR=0x0000000000000004
  TRAPNO=0x000000000000000e

Top of Stack: (sp=0x00007fdcfa3593b0)
0x00007fdcfa3593b0:   00007fdcfa3594e0 00007fdcfa3594d0
0x00007fdcfa3593c0:   00007fdcfa3594a0 00007fdcf0000020
0x00007fdcfa3593d0:   0000000000000098 00007fdca9b0ea50
0x00007fdcfa3593e0:   00007fdca7a66dd0 00007fdce63e6919
0x00007fdcfa3593f0:   00007fdcf000a000 00007fdca9b0ea50
0x00007fdcfa359400:   00007fdca9b0ea78 00007fdce63e6a31
0x00007fdcfa359410:   00007fdcfa359460 00007fdca9b0ea50
0x00007fdcfa359420:   00007fdcfa359480 00007fdca9b0ea50
0x00007fdcfa359430:   000000077a4de1f0 00007fdcecbd1425
0x00007fdcfa359440:   00007fdcfa359460 00007fdca7a66dd0
0x00007fdcfa359450:   00007fdca9b0ea50 00007fdcfa3594a7
0x00007fdcfa359460:   00007fdcfa359480 00007fdca9b0ea50
0x00007fdcfa359470:   0000000000000000 000000077a4de1f0
0x00007fdcfa359480:   00007fdcfa3594c0 00007fdcecbd1774
0x00007fdcfa359490:   00007fdca7a66dd0 00007fdca9bad290
0x00007fdcfa3594a0:   00007fdcfa3594c0 00007fdca9b0ea40
0x00007fdcfa3594b0:   00007fdcf000ad70 000000077a4de1f0
0x00007fdcfa3594c0:   00007fdcfa359500 00007fdcecbcb7dd
0x00007fdcfa3594d0:   00007fdcfa359500 00007fdca7a66dd0
0x00007fdcfa3594e0:   00007fdca9bad290 00007fdca9bad290
0x00007fdcfa3594f0:   00007fdca9bad290 00007fdca7a66dc0
0x00007fdcfa359500:   00007fdcfa359520 00007fdcecbc3bcc
0x00007fdcfa359510:   00007fdca7a66dd0 00007fdca9bad290
0x00007fdcfa359520:   00007fdcfa359570 00007fdcecb9d093
0x00007fdcfa359530:   00007fdcfa359610 00007fdca7a66dd0
0x00007fdcfa359540:   00007fdcfa359628 00007fdca9bad290
0x00007fdcfa359550:   00007fdcfa359600 00007fdcf000a1d8
0x00007fdcfa359560:   00007fdca9bad290 00007fdca7a66dd0
0x00007fdcfa359570:   00007fdcfa3595f0 00007fdced012cd8
0x00007fdcfa359580:   00007fdcfa3595b0 00007fdcf8fb024f
0x00007fdcfa359590:   ffffffffffffffff 000000077a518a78
0x00007fdcfa3595a0:   0000000000000000 00007fdcfa359618 

Instructions: (pc=0x00007fdcf8564444)
0x00007fdcf8564424:   f0 48 89 6c 24 f8 48 83 ec 38 48 8b 06 48 8b 17
0x00007fdcf8564434:   48 89 fb 48 8d 78 e8 48 83 ea 18 48 39 d7 74 1d
0x00007fdcf8564444:   44 8b 40 f8 45 85 c0 78 2b 48 8b 2d f4 b5 22 00
0x00007fdcf8564454:   48 39 ef 75 54 48 39 ea 75 36 48 89 03 48 89 d8 

Register to memory mapping:

RAX=0x000000000000002b is an unknown value
RBX=0x00007fdca9b0ea60 is an unknown value
RCX=0x00007fdcf0000020 is an unknown value
RDX=0x00007fdcf87a64e0: _ZNSbIwSt11char_traitsIwESaIwEE4_Rep20_S_empty_rep_storageE+0 in /usr/lib/x86_64-linux-gnu/libstdc++.so.6 at 0x00007fdcf84a4000
RSP=0x00007fdcfa3593b0 is pointing into the stack for thread: 0x00007fdcf000a000
RBP=0x00007fdca7a66dd0 is an unknown value
RSI=0x00007fdca7a66de0 is an unknown value
RDI=0x0000000000000013 is an unknown value
R8 =0x00007fdca7a66dd0 is an unknown value
R9 =0x0000000000000098 is an unknown value
R10=0x000000000000000a is an unknown value
R11=0x00007fdcf0000078 is an unknown value
R12=0x00007fdca9b0ea90 is an unknown value
R13=0x000000077a4de1f0 is an oop
{method} 
 - klass: {other class}
R14=0x00007fdcfa359638 is pointing into the stack for thread: 0x00007fdcf000a000
R15=0x00007fdcf000a000 is a thread


Stack: [0x00007fdcfa25a000,0x00007fdcfa35b000],  sp=0x00007fdcfa3593b0,  free space=1020k
Native frames: (J=compiled Java code, j=interpreted, Vv=VM code, C=native code)
C  [libstdc++.so.6+0xc0444]  std::basic_string<wchar_t, std::char_traits<wchar_t>, std::allocator<wchar_t> >::assign(std::basic_string<wchar_t, std::char_traits<wchar_t>, std::allocator<wchar_t> > const&)+0x24

Java frames: (J=compiled Java code, j=interpreted, Vv=VM code)
j  edu.upc.freeling.freelingJNI.ListWord_pushBack(JLedu/upc/freeling/ListWord;JLedu/upc/freeling/Word;)V+0
j  edu.upc.freeling.ListWord.pushBack(Ledu/upc/freeling/Word;)V+10
j  knOWLearn.Utils.Document.Document.tokenize()V+178
j  knOWLearn.Utils.Document.Document.<init>(Ljava/lang/String;Ljava/lang/String;)V+27
j  knOWLearn.Utils.Document.DocumentDataBase.processDocuments(Ljava/lang/String;)V+278
j  knOWLearn.Utils.Document.DocumentDataBase.<init>(Ljava/lang/String;Z)V+62
j  knOWLearn.TermExtraction.TermExtractor.<init>(Ljava/lang/String;Z)V+21
j  knOWLearn.TermExtraction.TermExtractor.main([Ljava/lang/String;)V+29
v  ~StubRoutines::call_stub

---------------  P R O C E S S  ---------------

Java Threads: ( => current thread )
  0x00007fdcf00a6000 JavaThread "Service Thread" daemon [_thread_blocked, id=16729, stack(0x00007fdceceff000,0x00007fdced000000)]
  0x00007fdcf00a4000 JavaThread "C2 CompilerThread1" daemon [_thread_blocked, id=16728, stack(0x00007fdcf4001000,0x00007fdcf4102000)]
  0x00007fdcf00a1000 JavaThread "C2 CompilerThread0" daemon [_thread_blocked, id=16727, stack(0x00007fdcf4102000,0x00007fdcf4203000)]
  0x00007fdcf009e800 JavaThread "Signal Dispatcher" daemon [_thread_blocked, id=16726, stack(0x00007fdcf4203000,0x00007fdcf4304000)]
  0x00007fdcf007c000 JavaThread "Finalizer" daemon [_thread_blocked, id=16725, stack(0x00007fdcf49e5000,0x00007fdcf4ae6000)]
  0x00007fdcf007a000 JavaThread "Reference Handler" daemon [_thread_blocked, id=16724, stack(0x00007fdcf4ae6000,0x00007fdcf4be7000)]
=>0x00007fdcf000a000 JavaThread "main" [_thread_in_native, id=16718, stack(0x00007fdcfa25a000,0x00007fdcfa35b000)]

Other Threads:
  0x00007fdcf0075800 VMThread [stack: 0x00007fdcf4be7000,0x00007fdcf4ce8000] [id=16723]
  0x00007fdcf00b1000 WatcherThread [stack: 0x00007fdcecdfe000,0x00007fdceceff000] [id=16730]

VM state:not at safepoint (normal execution)

VM Mutex/Monitor currently owned by a thread: None

Heap
 PSYoungGen      total 37376K, used 9075K [0x00000007d6d00000, 0x00000007d9680000, 0x0000000800000000)
  eden space 32256K, 28% used [0x00000007d6d00000,0x00000007d75dce68,0x00000007d8c80000)
  from space 5120K, 0% used [0x00000007d9180000,0x00000007d9180000,0x00000007d9680000)
  to   space 5120K, 0% used [0x00000007d8c80000,0x00000007d8c80000,0x00000007d9180000)
 ParOldGen       total 83968K, used 0K [0x0000000784800000, 0x0000000789a00000, 0x00000007d6d00000)
  object space 83968K, 0% used [0x0000000784800000,0x0000000784800000,0x0000000789a00000)
 PSPermGen       total 21504K, used 3397K [0x000000077a200000, 0x000000077b700000, 0x0000000784800000)
  object space 21504K, 15% used [0x000000077a200000,0x000000077a5514a0,0x000000077b700000)

Card table byte_map: [0x00007fdcf6ace000,0x00007fdcf6efe000] byte_map_base: 0x00007fdcf2efd000

Polling page: 0x00007fdcfa383000

Code Cache  [0x00007fdced000000, 0x00007fdced270000, 0x00007fdcf0000000)
 total_blobs=260 nmethods=43 adapters=170 free_code_cache=48653Kb largest_free_block=49793024

Compilation events (10 events):
Event: 30.035 Thread 0x00007fdcf00a1000   39             java.util.regex.Pattern::atom (378 bytes)
Event: 30.064 Thread 0x00007fdcf00a1000 nmethod 39 0x00007fdced07df10 code [0x00007fdced07e3c0, 0x00007fdced07f1d8]
Event: 32.222 Thread 0x00007fdcf00a4000   40             java.util.ArrayList::access$100 (5 bytes)
Event: 32.222 Thread 0x00007fdcf00a4000 nmethod 40 0x00007fdced07c5d0 code [0x00007fdced07c700, 0x00007fdced07c758]
Event: 33.390 Thread 0x00007fdcf00a1000   41             java.util.regex.Pattern$TreeInfo::reset (21 bytes)
Event: 33.390 Thread 0x00007fdcf00a1000 nmethod 41 0x00007fdced07c3d0 code [0x00007fdced07c500, 0x00007fdced07c578]
Event: 33.933 Thread 0x00007fdcf00a4000   42             edu.upc.freeling.Word::<init> (15 bytes)
Event: 33.933 Thread 0x00007fdcf00a1000   43             edu.upc.freeling.ListAnalysis::<init> (15 bytes)
Event: 33.934 Thread 0x00007fdcf00a1000 nmethod 43 0x00007fdced07c150 code [0x00007fdced07c280, 0x00007fdced07c318]
Event: 33.934 Thread 0x00007fdcf00a4000 nmethod 42 0x00007fdced067890 code [0x00007fdced0679e0, 0x00007fdced067aa8]

GC Heap History (0 events):
No events

Deoptimization events (0 events):
No events

Internal exceptions (10 events):
Event: 1.082 Thread 0x00007fdcf000a000 Threw 0x00000007d6dd8bd0 at /build/buildd/openjdk-7-7u51-2.4.4/build/openjdk/hotspot/src/share/vm/prims/jvm.cpp:1244
Event: 2.249 Thread 0x00007fdcf000a000 Threw 0x00000007d6ddc468 at /build/buildd/openjdk-7-7u51-2.4.4/build/openjdk/hotspot/src/share/vm/prims/jvm.cpp:1244
Event: 4.431 Thread 0x00007fdcf000a000 Threw 0x00000007d6ddfd50 at /build/buildd/openjdk-7-7u51-2.4.4/build/openjdk/hotspot/src/share/vm/prims/jvm.cpp:1244
Event: 4.553 Thread 0x00007fdcf000a000 Threw 0x00000007d6de3c30 at /build/buildd/openjdk-7-7u51-2.4.4/build/openjdk/hotspot/src/share/vm/prims/jvm.cpp:1244
Event: 4.654 Thread 0x00007fdcf000a000 Threw 0x00000007d6de8160 at /build/buildd/openjdk-7-7u51-2.4.4/build/openjdk/hotspot/src/share/vm/prims/jvm.cpp:1244
Event: 4.655 Thread 0x00007fdcf000a000 Threw 0x00000007d6debd40 at /build/buildd/openjdk-7-7u51-2.4.4/build/openjdk/hotspot/src/share/vm/prims/jvm.cpp:1244
Event: 4.656 Thread 0x00007fdcf000a000 Threw 0x00000007d6df1f30 at /build/buildd/openjdk-7-7u51-2.4.4/build/openjdk/hotspot/src/share/vm/prims/jvm.cpp:1244
Event: 4.657 Thread 0x00007fdcf000a000 Threw 0x00000007d6df5cd8 at /build/buildd/openjdk-7-7u51-2.4.4/build/openjdk/hotspot/src/share/vm/prims/jvm.cpp:1244
Event: 4.657 Thread 0x00007fdcf000a000 Threw 0x00000007d6e008f0 at /build/buildd/openjdk-7-7u51-2.4.4/build/openjdk/hotspot/src/share/vm/prims/jvm.cpp:1244
Event: 4.664 Thread 0x00007fdcf000a000 Threw 0x00000007d6e12948 at /build/buildd/openjdk-7-7u51-2.4.4/build/openjdk/hotspot/src/share/vm/prims/jvm.cpp:1244

Events (10 events):
Event: 4.668 loading class 0x00007fdcf00e7ec0
Event: 4.668 loading class 0x00007fdcf00e7ec0 done
Event: 4.669 loading class 0x00007fdcf00e88b0
Event: 4.669 loading class 0x00007fdcf00e88b0 done
Event: 4.669 loading class 0x00007fdcf00e9600
Event: 4.669 loading class 0x00007fdcf00e9600 done
Event: 4.669 loading class 0x00007fdcf00e89a0
Event: 4.669 loading class 0x00007fdcf00e89a0 done
Event: 4.669 loading class 0x00007fdcf00e7bc0
Event: 4.669 loading class 0x00007fdcf00e7bc0 done


Dynamic libraries:
00400000-00401000 r-xp 00000000 08:06 4590499                            /usr/lib/jvm/java-7-openjdk-amd64/jre/bin/java
00600000-00601000 r--p 00000000 08:06 4590499                            /usr/lib/jvm/java-7-openjdk-amd64/jre/bin/java
00601000-00602000 rw-p 00001000 08:06 4590499                            /usr/lib/jvm/java-7-openjdk-amd64/jre/bin/java
00b88000-00ba9000 rw-p 00000000 00:00 0                                  [heap]
77a200000-77b700000 rw-p 00000000 00:00 0 
77b700000-784800000 rw-p 00000000 00:00 0 
784800000-789a00000 rw-p 00000000 00:00 0 
789a00000-7d6d00000 rw-p 00000000 00:00 0 
7d6d00000-7d9680000 rw-p 00000000 00:00 0 
7d9680000-800000000 rw-p 00000000 00:00 0 
7fdca4000000-7fdcabf94000 rw-p 00000000 00:00 0 
7fdcabf94000-7fdcac000000 ---p 00000000 00:00 0 
7fdcac000000-7fdcac021000 rw-p 00000000 00:00 0 
7fdcac021000-7fdcb0000000 ---p 00000000 00:00 0 
7fdcb0000000-7fdcb0021000 rw-p 00000000 00:00 0 
7fdcb0021000-7fdcb4000000 ---p 00000000 00:00 0 
7fdcb4000000-7fdcb42cc000 rw-p 00000000 00:00 0 
7fdcb42cc000-7fdcb8000000 ---p 00000000 00:00 0 
7fdcb8000000-7fdcb8259000 rw-p 00000000 00:00 0 
7fdcb8259000-7fdcbc000000 ---p 00000000 00:00 0 
7fdcbc000000-7fdcbc021000 rw-p 00000000 00:00 0 
7fdcbc021000-7fdcc0000000 ---p 00000000 00:00 0 
7fdcc0000000-7fdcc0021000 rw-p 00000000 00:00 0 
7fdcc0021000-7fdcc4000000 ---p 00000000 00:00 0 
7fdcc4000000-7fdcc4021000 rw-p 00000000 00:00 0 
7fdcc4021000-7fdcc8000000 ---p 00000000 00:00 0 
7fdccbd10000-7fdcd0000000 rw-p 00000000 00:00 0 
7fdcd0000000-7fdcd0021000 rw-p 00000000 00:00 0 
7fdcd0021000-7fdcd4000000 ---p 00000000 00:00 0 
7fdcd4000000-7fdcd4021000 rw-p 00000000 00:00 0 
7fdcd4021000-7fdcd8000000 ---p 00000000 00:00 0 
7fdcd8000000-7fdcd8021000 rw-p 00000000 00:00 0 
7fdcd8021000-7fdcdc000000 ---p 00000000 00:00 0 
7fdce0000000-7fdce0021000 rw-p 00000000 00:00 0 
7fdce0021000-7fdce4000000 ---p 00000000 00:00 0 
7fdce4613000-7fdce4fec000 rw-p 00000000 00:00 0 
7fdce4fec000-7fdce615b000 r-xp 00000000 08:06 1971079                    /usr/lib/x86_64-linux-gnu/libicudata.so.48.1.1
7fdce615b000-7fdce635a000 ---p 0116f000 08:06 1971079                    /usr/lib/x86_64-linux-gnu/libicudata.so.48.1.1
7fdce635a000-7fdce635b000 r--p 0116e000 08:06 1971079                    /usr/lib/x86_64-linux-gnu/libicudata.so.48.1.1
7fdce635b000-7fdce635c000 rw-p 0116f000 08:06 1971079                    /usr/lib/x86_64-linux-gnu/libicudata.so.48.1.1
7fdce635c000-7fdce65de000 r-xp 00000000 08:06 2378881                    /usr/local/lib/libfreeling-3.1.so
7fdce65de000-7fdce67de000 ---p 00282000 08:06 2378881                    /usr/local/lib/libfreeling-3.1.so
7fdce67de000-7fdce67e3000 r--p 00282000 08:06 2378881                    /usr/local/lib/libfreeling-3.1.so
7fdce67e3000-7fdce67e8000 rw-p 00287000 08:06 2378881                    /usr/local/lib/libfreeling-3.1.so
7fdce67e8000-7fdce8000000 rw-p 00000000 00:00 0 
7fdce8000000-7fdce8021000 rw-p 00000000 00:00 0 
7fdce8021000-7fdcec000000 ---p 00000000 00:00 0 
7fdcec057000-7fdcec0cb000 rw-p 00000000 00:00 0 
7fdcec0cb000-7fdcec284000 r-xp 00000000 08:06 1971083                    /usr/lib/x86_64-linux-gnu/libicui18n.so.48.1.1
7fdcec284000-7fdcec483000 ---p 001b9000 08:06 1971083                    /usr/lib/x86_64-linux-gnu/libicui18n.so.48.1.1
7fdcec483000-7fdcec490000 r--p 001b8000 08:06 1971083                    /usr/lib/x86_64-linux-gnu/libicui18n.so.48.1.1
7fdcec490000-7fdcec491000 rw-p 001c5000 08:06 1971083                    /usr/lib/x86_64-linux-gnu/libicui18n.so.48.1.1
7fdcec491000-7fdcec5e7000 r-xp 00000000 08:06 1980633                    /usr/lib/x86_64-linux-gnu/libicuuc.so.48.1.1
7fdcec5e7000-7fdcec7e6000 ---p 00156000 08:06 1980633                    /usr/lib/x86_64-linux-gnu/libicuuc.so.48.1.1
7fdcec7e6000-7fdcec7f7000 r--p 00155000 08:06 1980633                    /usr/lib/x86_64-linux-gnu/libicuuc.so.48.1.1
7fdcec7f7000-7fdcec7f8000 rw-p 00166000 08:06 1980633                    /usr/lib/x86_64-linux-gnu/libicuuc.so.48.1.1
7fdcec7f8000-7fdcec7fc000 rw-p 00000000 00:00 0 
7fdcec7fc000-7fdcec910000 r-xp 00000000 08:06 1966308                    /usr/lib/libboost_regex.so.1.49.0
7fdcec910000-7fdcecb0f000 ---p 00114000 08:06 1966308                    /usr/lib/libboost_regex.so.1.49.0
7fdcecb0f000-7fdcecb14000 r--p 00113000 08:06 1966308                    /usr/lib/libboost_regex.so.1.49.0
7fdcecb14000-7fdcecb17000 rw-p 00118000 08:06 1966308                    /usr/lib/libboost_regex.so.1.49.0
7fdcecb3b000-7fdcecbfa000 r-xp 00000000 08:06 6060713                    /usr/local/lib/libfreeling_javaAPI.so
7fdcecbfa000-7fdcecdf9000 ---p 000bf000 08:06 6060713                    /usr/local/lib/libfreeling_javaAPI.so
7fdcecdf9000-7fdcecdfa000 r--p 000be000 08:06 6060713                    /usr/local/lib/libfreeling_javaAPI.so
7fdcecdfa000-7fdcecdfe000 rw-p 000bf000 08:06 6060713                    /usr/local/lib/libfreeling_javaAPI.so
7fdcecdfe000-7fdcecdff000 ---p 00000000 00:00 0 
7fdcecdff000-7fdceceff000 rw-p 00000000 00:00 0                          [stack:16730]
7fdceceff000-7fdcecf02000 ---p 00000000 00:00 0 
7fdcecf02000-7fdced000000 rw-p 00000000 00:00 0                          [stack:16729]
7fdced000000-7fdced270000 rwxp 00000000 00:00 0 
7fdced270000-7fdcf4000000 rw-p 00000000 00:00 0 
7fdcf4001000-7fdcf4004000 ---p 00000000 00:00 0 
7fdcf4004000-7fdcf4102000 rw-p 00000000 00:00 0                          [stack:16728]
7fdcf4102000-7fdcf4105000 ---p 00000000 00:00 0 
7fdcf4105000-7fdcf4203000 rw-p 00000000 00:00 0                          [stack:16727]
7fdcf4203000-7fdcf4206000 ---p 00000000 00:00 0 
7fdcf4206000-7fdcf4304000 rw-p 00000000 00:00 0                          [stack:16726]
7fdcf4304000-7fdcf49e5000 r--p 00000000 08:06 1972544                    /usr/lib/locale/locale-archive
7fdcf49e5000-7fdcf49e8000 ---p 00000000 00:00 0 
7fdcf49e8000-7fdcf4ae6000 rw-p 00000000 00:00 0                          [stack:16725]
7fdcf4ae6000-7fdcf4ae9000 ---p 00000000 00:00 0 
7fdcf4ae9000-7fdcf4be7000 rw-p 00000000 00:00 0                          [stack:16724]
7fdcf4be7000-7fdcf4be8000 ---p 00000000 00:00 0 
7fdcf4be8000-7fdcf5ce4000 rw-p 00000000 00:00 0                          [stack:16723]
7fdcf5ce4000-7fdcf5e92000 r--s 01cf4000 08:06 3413171                    /usr/lib/jvm/java-7-openjdk-amd64/jre/lib/rt.jar
7fdcf5e92000-7fdcf63e4000 rw-p 00000000 00:00 0 
7fdcf63e4000-7fdcf63e5000 ---p 00000000 00:00 0 
7fdcf63e5000-7fdcf64e5000 rw-p 00000000 00:00 0                          [stack:16722]
7fdcf64e5000-7fdcf64e6000 ---p 00000000 00:00 0 
7fdcf64e6000-7fdcf65e6000 rw-p 00000000 00:00 0                          [stack:16721]
7fdcf65e6000-7fdcf65e7000 ---p 00000000 00:00 0 
7fdcf65e7000-7fdcf66e7000 rw-p 00000000 00:00 0                          [stack:16720]
7fdcf66e7000-7fdcf66e8000 ---p 00000000 00:00 0 
7fdcf66e8000-7fdcf67f3000 rw-p 00000000 00:00 0                          [stack:16719]
7fdcf67f3000-7fdcf683b000 rw-p 00000000 00:00 0 
7fdcf683b000-7fdcf6864000 rw-p 00000000 00:00 0 
7fdcf6864000-7fdcf6ace000 rw-p 00000000 00:00 0 
7fdcf6ace000-7fdcf6ad9000 rw-p 00000000 00:00 0 
7fdcf6ad9000-7fdcf6b21000 rw-p 00000000 00:00 0 
7fdcf6b21000-7fdcf6b4a000 rw-p 00000000 00:00 0 
7fdcf6b4a000-7fdcf6db3000 rw-p 00000000 00:00 0 
7fdcf6db3000-7fdcf6dc9000 rw-p 00000000 00:00 0 
7fdcf6dc9000-7fdcf6efd000 rw-p 00000000 00:00 0 
7fdcf6efd000-7fdcf6efe000 rw-p 00000000 00:00 0 
7fdcf6efe000-7fdcf6f06000 r-xp 00000000 08:06 4332592                    /usr/lib/jvm/java-7-openjdk-amd64/jre/lib/amd64/libzip.so
7fdcf6f06000-7fdcf7105000 ---p 00008000 08:06 4332592                    /usr/lib/jvm/java-7-openjdk-amd64/jre/lib/amd64/libzip.so
7fdcf7105000-7fdcf7106000 r--p 00007000 08:06 4332592                    /usr/lib/jvm/java-7-openjdk-amd64/jre/lib/amd64/libzip.so
7fdcf7106000-7fdcf7107000 rw-p 00008000 08:06 4332592                    /usr/lib/jvm/java-7-openjdk-amd64/jre/lib/amd64/libzip.so
7fdcf7107000-7fdcf7113000 r-xp 00000000 08:06 5769447                    /lib/x86_64-linux-gnu/libnss_files-2.17.so
7fdcf7113000-7fdcf7312000 ---p 0000c000 08:06 5769447                    /lib/x86_64-linux-gnu/libnss_files-2.17.so
7fdcf7312000-7fdcf7313000 r--p 0000b000 08:06 5769447                    /lib/x86_64-linux-gnu/libnss_files-2.17.so
7fdcf7313000-7fdcf7314000 rw-p 0000c000 08:06 5769447                    /lib/x86_64-linux-gnu/libnss_files-2.17.so
7fdcf7314000-7fdcf731f000 r-xp 00000000 08:06 5769474                    /lib/x86_64-linux-gnu/libnss_nis-2.17.so
7fdcf731f000-7fdcf751e000 ---p 0000b000 08:06 5769474                    /lib/x86_64-linux-gnu/libnss_nis-2.17.so
7fdcf751e000-7fdcf751f000 r--p 0000a000 08:06 5769474                    /lib/x86_64-linux-gnu/libnss_nis-2.17.so
7fdcf751f000-7fdcf7520000 rw-p 0000b000 08:06 5769474                    /lib/x86_64-linux-gnu/libnss_nis-2.17.so
7fdcf7520000-7fdcf7537000 r-xp 00000000 08:06 5769428                    /lib/x86_64-linux-gnu/libnsl-2.17.so
7fdcf7537000-7fdcf7736000 ---p 00017000 08:06 5769428                    /lib/x86_64-linux-gnu/libnsl-2.17.so
7fdcf7736000-7fdcf7737000 r--p 00016000 08:06 5769428                    /lib/x86_64-linux-gnu/libnsl-2.17.so
7fdcf7737000-7fdcf7738000 rw-p 00017000 08:06 5769428                    /lib/x86_64-linux-gnu/libnsl-2.17.so
7fdcf7738000-7fdcf773a000 rw-p 00000000 00:00 0 
7fdcf773a000-7fdcf7742000 r-xp 00000000 08:06 5769480                    /lib/x86_64-linux-gnu/libnss_compat-2.17.so
7fdcf7742000-7fdcf7941000 ---p 00008000 08:06 5769480                    /lib/x86_64-linux-gnu/libnss_compat-2.17.so
7fdcf7941000-7fdcf7942000 r--p 00007000 08:06 5769480                    /lib/x86_64-linux-gnu/libnss_compat-2.17.so
7fdcf7942000-7fdcf7943000 rw-p 00008000 08:06 5769480                    /lib/x86_64-linux-gnu/libnss_compat-2.17.so
7fdcf7943000-7fdcf796e000 r-xp 00000000 08:06 4332576                    /usr/lib/jvm/java-7-openjdk-amd64/jre/lib/amd64/libjava.so
7fdcf796e000-7fdcf7b6d000 ---p 0002b000 08:06 4332576                    /usr/lib/jvm/java-7-openjdk-amd64/jre/lib/amd64/libjava.so
7fdcf7b6d000-7fdcf7b6e000 r--p 0002a000 08:06 4332576                    /usr/lib/jvm/java-7-openjdk-amd64/jre/lib/amd64/libjava.so
7fdcf7b6e000-7fdcf7b70000 rw-p 0002b000 08:06 4332576                    /usr/lib/jvm/java-7-openjdk-amd64/jre/lib/amd64/libjava.so
7fdcf7b70000-7fdcf7b7f000 r-xp 00000000 08:06 4332575                    /usr/lib/jvm/java-7-openjdk-amd64/jre/lib/amd64/libverify.so
7fdcf7b7f000-7fdcf7d7e000 ---p 0000f000 08:06 4332575                    /usr/lib/jvm/java-7-openjdk-amd64/jre/lib/amd64/libverify.so
7fdcf7d7e000-7fdcf7d80000 r--p 0000e000 08:06 4332575                    /usr/lib/jvm/java-7-openjdk-amd64/jre/lib/amd64/libverify.so
7fdcf7d80000-7fdcf7d81000 rw-p 00010000 08:06 4332575                    /usr/lib/jvm/java-7-openjdk-amd64/jre/lib/amd64/libverify.so
7fdcf7d81000-7fdcf7d88000 r-xp 00000000 08:06 5769457                    /lib/x86_64-linux-gnu/librt-2.17.so
7fdcf7d88000-7fdcf7f87000 ---p 00007000 08:06 5769457                    /lib/x86_64-linux-gnu/librt-2.17.so
7fdcf7f87000-7fdcf7f88000 r--p 00006000 08:06 5769457                    /lib/x86_64-linux-gnu/librt-2.17.so
7fdcf7f88000-7fdcf7f89000 rw-p 00007000 08:06 5769457                    /lib/x86_64-linux-gnu/librt-2.17.so
7fdcf7f89000-7fdcf7f9d000 r-xp 00000000 08:06 5770934                    /lib/x86_64-linux-gnu/libgcc_s.so.1
7fdcf7f9d000-7fdcf819d000 ---p 00014000 08:06 5770934                    /lib/x86_64-linux-gnu/libgcc_s.so.1
7fdcf819d000-7fdcf819e000 r--p 00014000 08:06 5770934                    /lib/x86_64-linux-gnu/libgcc_s.so.1
7fdcf819e000-7fdcf819f000 rw-p 00015000 08:06 5770934                    /lib/x86_64-linux-gnu/libgcc_s.so.1
7fdcf819f000-7fdcf82a2000 r-xp 00000000 08:06 5769479                    /lib/x86_64-linux-gnu/libm-2.17.so
7fdcf82a2000-7fdcf84a2000 ---p 00103000 08:06 5769479                    /lib/x86_64-linux-gnu/libm-2.17.so
7fdcf84a2000-7fdcf84a3000 r--p 00103000 08:06 5769479                    /lib/x86_64-linux-gnu/libm-2.17.so
7fdcf84a3000-7fdcf84a4000 rw-p 00104000 08:06 5769479                    /lib/x86_64-linux-gnu/libm-2.17.so
7fdcf84a4000-7fdcf8589000 r-xp 00000000 08:06 1974230                    /usr/lib/x86_64-linux-gnu/libstdc++.so.6.0.17
7fdcf8589000-7fdcf8788000 ---p 000e5000 08:06 1974230                    /usr/lib/x86_64-linux-gnu/libstdc++.so.6.0.17
7fdcf8788000-7fdcf8790000 r--p 000e4000 08:06 1974230                    /usr/lib/x86_64-linux-gnu/libstdc++.so.6.0.17
7fdcf8790000-7fdcf8792000 rw-p 000ec000 08:06 1974230                    /usr/lib/x86_64-linux-gnu/libstdc++.so.6.0.17
7fdcf8792000-7fdcf87a7000 rw-p 00000000 00:00 0 
7fdcf87a7000-7fdcf926d000 r-xp 00000000 08:06 4588409                    /usr/lib/jvm/java-7-openjdk-amd64/jre/lib/amd64/server/libjvm.so
7fdcf926d000-7fdcf946d000 ---p 00ac6000 08:06 4588409                    /usr/lib/jvm/java-7-openjdk-amd64/jre/lib/amd64/server/libjvm.so
7fdcf946d000-7fdcf9505000 r--p 00ac6000 08:06 4588409                    /usr/lib/jvm/java-7-openjdk-amd64/jre/lib/amd64/server/libjvm.so
7fdcf9505000-7fdcf9528000 rw-p 00b5e000 08:06 4588409                    /usr/lib/jvm/java-7-openjdk-amd64/jre/lib/amd64/server/libjvm.so
7fdcf9528000-7fdcf9555000 rw-p 00000000 00:00 0 
7fdcf9555000-7fdcf956b000 r-xp 00000000 08:06 5771062                    /lib/x86_64-linux-gnu/libz.so.1.2.7
7fdcf956b000-7fdcf976a000 ---p 00016000 08:06 5771062                    /lib/x86_64-linux-gnu/libz.so.1.2.7
7fdcf976a000-7fdcf976b000 r--p 00015000 08:06 5771062                    /lib/x86_64-linux-gnu/libz.so.1.2.7
7fdcf976b000-7fdcf976c000 rw-p 00016000 08:06 5771062                    /lib/x86_64-linux-gnu/libz.so.1.2.7
7fdcf976c000-7fdcf9784000 r-xp 00000000 08:06 5769430                    /lib/x86_64-linux-gnu/libpthread-2.17.so
7fdcf9784000-7fdcf9983000 ---p 00018000 08:06 5769430                    /lib/x86_64-linux-gnu/libpthread-2.17.so
7fdcf9983000-7fdcf9984000 r--p 00017000 08:06 5769430                    /lib/x86_64-linux-gnu/libpthread-2.17.so
7fdcf9984000-7fdcf9985000 rw-p 00018000 08:06 5769430                    /lib/x86_64-linux-gnu/libpthread-2.17.so
7fdcf9985000-7fdcf9989000 rw-p 00000000 00:00 0 
7fdcf9989000-7fdcf998c000 r-xp 00000000 08:06 5769446                    /lib/x86_64-linux-gnu/libdl-2.17.so
7fdcf998c000-7fdcf9b8b000 ---p 00003000 08:06 5769446                    /lib/x86_64-linux-gnu/libdl-2.17.so
7fdcf9b8b000-7fdcf9b8c000 r--p 00002000 08:06 5769446                    /lib/x86_64-linux-gnu/libdl-2.17.so
7fdcf9b8c000-7fdcf9b8d000 rw-p 00003000 08:06 5769446                    /lib/x86_64-linux-gnu/libdl-2.17.so
7fdcf9b8d000-7fdcf9d4c000 r-xp 00000000 08:06 5769490                    /lib/x86_64-linux-gnu/libc-2.17.so
7fdcf9d4c000-7fdcf9f4b000 ---p 001bf000 08:06 5769490                    /lib/x86_64-linux-gnu/libc-2.17.so
7fdcf9f4b000-7fdcf9f4f000 r--p 001be000 08:06 5769490                    /lib/x86_64-linux-gnu/libc-2.17.so
7fdcf9f4f000-7fdcf9f51000 rw-p 001c2000 08:06 5769490                    /lib/x86_64-linux-gnu/libc-2.17.so
7fdcf9f51000-7fdcf9f56000 rw-p 00000000 00:00 0 
7fdcf9f56000-7fdcf9f63000 r-xp 00000000 08:06 4588406                    /usr/lib/jvm/java-7-openjdk-amd64/jre/lib/amd64/jli/libjli.so
7fdcf9f63000-7fdcfa162000 ---p 0000d000 08:06 4588406                    /usr/lib/jvm/java-7-openjdk-amd64/jre/lib/amd64/jli/libjli.so
7fdcfa162000-7fdcfa163000 r--p 0000c000 08:06 4588406                    /usr/lib/jvm/java-7-openjdk-amd64/jre/lib/amd64/jli/libjli.so
7fdcfa163000-7fdcfa164000 rw-p 0000d000 08:06 4588406                    /usr/lib/jvm/java-7-openjdk-amd64/jre/lib/amd64/jli/libjli.so
7fdcfa164000-7fdcfa187000 r-xp 00000000 08:06 5769285                    /lib/x86_64-linux-gnu/ld-2.17.so
7fdcfa193000-7fdcfa19a000 r--s 00000000 08:06 2371280                    /usr/lib/x86_64-linux-gnu/gconv/gconv-modules.cache
7fdcfa19a000-7fdcfa1a4000 rw-p 00000000 00:00 0 
7fdcfa1a4000-7fdcfa25a000 rw-p 00000000 00:00 0 
7fdcfa25a000-7fdcfa25d000 ---p 00000000 00:00 0 
7fdcfa25d000-7fdcfa360000 rw-p 00000000 00:00 0                          [stack:16718]
7fdcfa364000-7fdcfa368000 r--s 00021000 08:06 6039637                    /home/vieyra/SWB4/swb/lib/NLP/freeling-3.1.jar
7fdcfa368000-7fdcfa36c000 r--s 0003b000 08:06 3801371                    /usr/lib/jvm/java-7-openjdk-amd64/jre/lib/ext/sunpkcs11.jar
7fdcfa36c000-7fdcfa36f000 r--s 00032000 08:06 3801374                    /usr/lib/jvm/java-7-openjdk-amd64/jre/lib/ext/sunjce_provider.jar
7fdcfa36f000-7fdcfa373000 r--s 00085000 08:06 3801383                    /usr/lib/jvm/java-7-openjdk-amd64/jre/lib/ext/localedata.jar
7fdcfa373000-7fdcfa375000 r--s 00012000 08:06 3801377                    /usr/lib/jvm/java-7-openjdk-amd64/jre/lib/ext/zipfs.jar
7fdcfa375000-7fdcfa377000 r--s 0000f000 08:06 3801381                    /usr/lib/jvm/java-7-openjdk-amd64/jre/lib/ext/pulse-java.jar
7fdcfa377000-7fdcfa378000 r--s 00002000 08:06 3801379                    /usr/lib/jvm/java-7-openjdk-amd64/jre/lib/ext/dnsns.jar
7fdcfa378000-7fdcfa37a000 r--s 00006000 08:06 2367710                    /usr/share/java/java-atk-wrapper.jar
7fdcfa37a000-7fdcfa382000 rw-s 00000000 08:06 527727                     /tmp/hsperfdata_vieyra/16714
7fdcfa382000-7fdcfa383000 rw-p 00000000 00:00 0 
7fdcfa383000-7fdcfa384000 r--p 00000000 00:00 0 
7fdcfa384000-7fdcfa386000 rw-p 00000000 00:00 0 
7fdcfa386000-7fdcfa387000 r--p 00022000 08:06 5769285                    /lib/x86_64-linux-gnu/ld-2.17.so
7fdcfa387000-7fdcfa389000 rw-p 00023000 08:06 5769285                    /lib/x86_64-linux-gnu/ld-2.17.so
7fff07d35000-7fff07d56000 rw-p 00000000 00:00 0                          [stack]
7fff07dfe000-7fff07e00000 r-xp 00000000 00:00 0                          [vdso]
ffffffffff600000-ffffffffff601000 r-xp 00000000 00:00 0                  [vsyscall]

VM Arguments:
jvm_args: -Dfile.encoding=UTF-8 
java_command: knOWLearn.TermExtraction.TermExtractor
Launcher Type: SUN_STANDARD

Environment Variables:
PATH=/usr/local/sbin:/usr/local/bin:/usr/sbin:/usr/bin:/sbin:/bin:/usr/games:/usr/local/games
USERNAME=vieyra
LD_LIBRARY_PATH=/usr/lib/jvm/default-java/jre/lib/amd64:/usr/lib/jvm/default-java/jre/lib/i386:/usr/local/lib:/usr/local/
SHELL=/bin/bash
DISPLAY=:0.0

Signal Handlers:
SIGSEGV: [libjvm.so+0x8f8310], sa_mask[0]=0x7ffbfeff, sa_flags=0x10000004
SIGBUS: [libjvm.so+0x8f8310], sa_mask[0]=0x7ffbfeff, sa_flags=0x10000004
SIGFPE: [libjvm.so+0x781ce0], sa_mask[0]=0x7ffbfeff, sa_flags=0x10000004
SIGPIPE: [libjvm.so+0x781ce0], sa_mask[0]=0x7ffbfeff, sa_flags=0x10000004
SIGXFSZ: [libjvm.so+0x781ce0], sa_mask[0]=0x7ffbfeff, sa_flags=0x10000004
SIGILL: [libjvm.so+0x781ce0], sa_mask[0]=0x7ffbfeff, sa_flags=0x10000004
SIGUSR1: SIG_DFL, sa_mask[0]=0x00000000, sa_flags=0x00000000
SIGUSR2: [libjvm.so+0x781fd0], sa_mask[0]=0x00000004, sa_flags=0x10000004
SIGHUP: [libjvm.so+0x782140], sa_mask[0]=0x7ffbfeff, sa_flags=0x10000004
SIGINT: SIG_IGN, sa_mask[0]=0x00000000, sa_flags=0x00000000
SIGTERM: [libjvm.so+0x782140], sa_mask[0]=0x7ffbfeff, sa_flags=0x10000004
SIGQUIT: [libjvm.so+0x782140], sa_mask[0]=0x7ffbfeff, sa_flags=0x10000004


---------------  S Y S T E M  ---------------

OS:Ubuntu 13.04 (raring)
uname:Linux 3.8.0-35-generic #50-Ubuntu SMP Tue Dec 3 01:24:59 UTC 2013 x86_64
libc:glibc 2.17 NPTL 2.17 
rlimit: STACK 8192k, CORE 0k, NPROC 63018, NOFILE 4096, AS infinity
load average:0.85 0.61 0.54

/proc/meminfo:
MemTotal:        8085532 kB
MemFree:         1454916 kB
Buffers:          349264 kB
Cached:          2961524 kB
SwapCached:            0 kB
Active:          3961152 kB
Inactive:        2260752 kB
Active(anon):    2936924 kB
Inactive(anon):   717856 kB
Active(file):    1024228 kB
Inactive(file):  1542896 kB
Unevictable:          44 kB
Mlocked:              44 kB
SwapTotal:       4194300 kB
SwapFree:        4194300 kB
Dirty:                80 kB
Writeback:             0 kB
AnonPages:       2911024 kB
Mapped:           412368 kB
Shmem:            743668 kB
Slab:             255804 kB
SReclaimable:     215088 kB
SUnreclaim:        40716 kB
KernelStack:        6856 kB
PageTables:        59720 kB
NFS_Unstable:          0 kB
Bounce:                0 kB
WritebackTmp:          0 kB
CommitLimit:     8237064 kB
Committed_AS:    8802460 kB
VmallocTotal:   34359738367 kB
VmallocUsed:      552848 kB
VmallocChunk:   34359177692 kB
HardwareCorrupted:     0 kB
AnonHugePages:         0 kB
HugePages_Total:       0
HugePages_Free:        0
HugePages_Rsvd:        0
HugePages_Surp:        0
Hugepagesize:       2048 kB
DirectMap4k:       61440 kB
DirectMap2M:     8245248 kB


CPU:total 4 (2 cores per cpu, 2 threads per core) family 6 model 42 stepping 7, cmov, cx8, fxsr, mmx, sse, sse2, sse3, ssse3, sse4.1, sse4.2, popcnt, avx, aes, ht, tsc, tscinvbit

/proc/cpuinfo:
processor	: 0
vendor_id	: GenuineIntel
cpu family	: 6
model		: 42
model name	: Intel(R) Core(TM) i5-2450M CPU @ 2.50GHz
stepping	: 7
microcode	: 0x1a
cpu MHz		: 2500.000
cache size	: 3072 KB
physical id	: 0
siblings	: 4
core id		: 0
cpu cores	: 2
apicid		: 0
initial apicid	: 0
fpu		: yes
fpu_exception	: yes
cpuid level	: 13
wp		: yes
flags		: fpu vme de pse tsc msr pae mce cx8 apic sep mtrr pge mca cmov pat pse36 clflush dts acpi mmx fxsr sse sse2 ss ht tm pbe syscall nx rdtscp lm constant_tsc arch_perfmon pebs bts rep_good nopl xtopology nonstop_tsc aperfmperf eagerfpu pni pclmulqdq dtes64 monitor ds_cpl vmx est tm2 ssse3 cx16 xtpr pdcm pcid sse4_1 sse4_2 x2apic popcnt tsc_deadline_timer aes xsave avx lahf_lm ida arat epb xsaveopt pln pts dtherm tpr_shadow vnmi flexpriority ept vpid
bogomips	: 4988.22
clflush size	: 64
cache_alignment	: 64
address sizes	: 36 bits physical, 48 bits virtual
power management:

processor	: 1
vendor_id	: GenuineIntel
cpu family	: 6
model		: 42
model name	: Intel(R) Core(TM) i5-2450M CPU @ 2.50GHz
stepping	: 7
microcode	: 0x1a
cpu MHz		: 800.000
cache size	: 3072 KB
physical id	: 0
siblings	: 4
core id		: 0
cpu cores	: 2
apicid		: 1
initial apicid	: 1
fpu		: yes
fpu_exception	: yes
cpuid level	: 13
wp		: yes
flags		: fpu vme de pse tsc msr pae mce cx8 apic sep mtrr pge mca cmov pat pse36 clflush dts acpi mmx fxsr sse sse2 ss ht tm pbe syscall nx rdtscp lm constant_tsc arch_perfmon pebs bts rep_good nopl xtopology nonstop_tsc aperfmperf eagerfpu pni pclmulqdq dtes64 monitor ds_cpl vmx est tm2 ssse3 cx16 xtpr pdcm pcid sse4_1 sse4_2 x2apic popcnt tsc_deadline_timer aes xsave avx lahf_lm ida arat epb xsaveopt pln pts dtherm tpr_shadow vnmi flexpriority ept vpid
bogomips	: 4988.22
clflush size	: 64
cache_alignment	: 64
address sizes	: 36 bits physical, 48 bits virtual
power management:

processor	: 2
vendor_id	: GenuineIntel
cpu family	: 6
model		: 42
model name	: Intel(R) Core(TM) i5-2450M CPU @ 2.50GHz
stepping	: 7
microcode	: 0x1a
cpu MHz		: 2500.000
cache size	: 3072 KB
physical id	: 0
siblings	: 4
core id		: 1
cpu cores	: 2
apicid		: 2
initial apicid	: 2
fpu		: yes
fpu_exception	: yes
cpuid level	: 13
wp		: yes
flags		: fpu vme de pse tsc msr pae mce cx8 apic sep mtrr pge mca cmov pat pse36 clflush dts acpi mmx fxsr sse sse2 ss ht tm pbe syscall nx rdtscp lm constant_tsc arch_perfmon pebs bts rep_good nopl xtopology nonstop_tsc aperfmperf eagerfpu pni pclmulqdq dtes64 monitor ds_cpl vmx est tm2 ssse3 cx16 xtpr pdcm pcid sse4_1 sse4_2 x2apic popcnt tsc_deadline_timer aes xsave avx lahf_lm ida arat epb xsaveopt pln pts dtherm tpr_shadow vnmi flexpriority ept vpid
bogomips	: 4988.22
clflush size	: 64
cache_alignment	: 64
address sizes	: 36 bits physical, 48 bits virtual
power management:

processor	: 3
vendor_id	: GenuineIntel
cpu family	: 6
model		: 42
model name	: Intel(R) Core(TM) i5-2450M CPU @ 2.50GHz
stepping	: 7
microcode	: 0x1a
cpu MHz		: 800.000
cache size	: 3072 KB
physical id	: 0
siblings	: 4
core id		: 1
cpu cores	: 2
apicid		: 3
initial apicid	: 3
fpu		: yes
fpu_exception	: yes
cpuid level	: 13
wp		: yes
flags		: fpu vme de pse tsc msr pae mce cx8 apic sep mtrr pge mca cmov pat pse36 clflush dts acpi mmx fxsr sse sse2 ss ht tm pbe syscall nx rdtscp lm constant_tsc arch_perfmon pebs bts rep_good nopl xtopology nonstop_tsc aperfmperf eagerfpu pni pclmulqdq dtes64 monitor ds_cpl vmx est tm2 ssse3 cx16 xtpr pdcm pcid sse4_1 sse4_2 x2apic popcnt tsc_deadline_timer aes xsave avx lahf_lm ida arat epb xsaveopt pln pts dtherm tpr_shadow vnmi flexpriority ept vpid
bogomips	: 4988.22
clflush size	: 64
cache_alignment	: 64
address sizes	: 36 bits physical, 48 bits virtual
power management:



Memory: 4k page, physical 8085532k(1454916k free), swap 4194300k(4194300k free)

vm_info: OpenJDK 64-Bit Server VM (24.45-b08) for linux-amd64 JRE (1.7.0_51-b00), built on Jan 16 2014 18:17:06 by "buildd" with gcc 4.7.3

time: Wed Apr  9 18:53:59 2014
elapsed time: 35 seconds

