#
# A fatal error has been detected by the Java Runtime Environment:
#
#  SIGSEGV (0xb) at pc=0x00007f7b3d048444, pid=16892, tid=140167312828160
#
# JRE version: OpenJDK Runtime Environment (7.0_51) (build 1.7.0_51-b00)
# Java VM: OpenJDK 64-Bit Server VM (24.45-b08 mixed mode linux-amd64 compressed oops)
# Problematic frame:
# C  [libstdc++.so.6+0xc0444]  std::basic_string<wchar_t, std::char_traits<wchar_t>, std::allocator<wchar_t> >::assign(std::basic_string<wchar_t, std::char_traits<wchar_t>, std::allocator<wchar_t> > const&)+0x24
#
# Failed to write core dump. Core dumps have been disabled. To enable core dumping, try "ulimit -c unlimited" before starting Java again
#
# If you would like to submit a bug report, please include
# instructions on how to reproduce the bug and visit:
#   http://icedtea.classpath.org/bugzilla
# The crash happened outside the Java Virtual Machine in native code.
# See problematic frame for where to report the bug.
#

---------------  T H R E A D  ---------------

Current thread (0x00007f7b3800a000):  JavaThread "main" [_thread_in_native, id=16896, stack(0x00007f7b3ed3e000,0x00007f7b3ee3f000)]

siginfo:si_signo=SIGSEGV: si_errno=0, si_code=1 (SEGV_MAPERR), si_addr=0xfffffffffffffff9

Registers:
RAX=0x0000000000000001, RBX=0x00007f7ae28702f0, RCX=0x00007f7b38000020, RDX=0x00007f7b3d28a4e0
RSP=0x00007f7b3ee3d3b0, RBP=0x00007f7aefd13410, RSI=0x00007f7aefd13420, RDI=0xffffffffffffffe9
R8 =0x00007f7aefd13410, R9 =0x0000000000000098, R10=0x000000000000000a, R11=0x00007f7b38000078
R12=0x00007f7ae2870320, R13=0x000000077a4de1e0, R14=0x00007f7b3ee3d638, R15=0x00007f7b3800a000
RIP=0x00007f7b3d048444, EFLAGS=0x0000000000010286, CSGSFS=0x0000000000000033, ERR=0x0000000000000005
  TRAPNO=0x000000000000000e

Top of Stack: (sp=0x00007f7b3ee3d3b0)
0x00007f7b3ee3d3b0:   00007f7b3ee3da40 00007f7b3d80d8f5
0x00007f7b3ee3d3c0:   00007f7b3800a000 00007f7b38000020
0x00007f7b3ee3d3d0:   0000000000000098 00007f7ae28702e0
0x00007f7b3ee3d3e0:   00007f7aefd13410 00007f7b2a3e6919
0x00007f7b3ee3d3f0:   00007f7b3800a000 00007f7ae28702e0
0x00007f7b3ee3d400:   00007f7ae2870308 00007f7b2a3e6a31
0x00007f7b3ee3d410:   00007f7b3ee3d460 00007f7ae28702e0
0x00007f7b3ee3d420:   00007f7b3ee3d480 00007f7ae28702e0
0x00007f7b3ee3d430:   000000077a4de1e0 00007f7b316b2425
0x00007f7b3ee3d440:   00007f7b3ee3d460 00007f7aefd13410
0x00007f7b3ee3d450:   00007f7ae28702e0 00007f7b3ee3d4a7
0x00007f7b3ee3d460:   00007f7b3ee3d480 00007f7ae28702e0
0x00007f7b3ee3d470:   0000000000000000 000000077a4de1e0
0x00007f7b3ee3d480:   00007f7b3ee3d4c0 00007f7b316b2774
0x00007f7b3ee3d490:   00007f7aefd13410 00007f7ae0c19410
0x00007f7b3ee3d4a0:   00007f7b00000000 00007f7ae28702d0
0x00007f7b3ee3d4b0:   00007f7b3800a000 000000077a4de1e0
0x00007f7b3ee3d4c0:   00007f7b3ee3d500 00007f7b316ac7dd
0x00007f7b3ee3d4d0:   00007f7b3ee3d500 00007f7aefd13410
0x00007f7b3ee3d4e0:   00007f7ae0c19410 00007f7ae0c19410
0x00007f7b3ee3d4f0:   00007f7ae0c19410 0000000000000000
0x00007f7b3ee3d500:   00007f7b3ee3d520 00007f7b316a4bcc
0x00007f7b3ee3d510:   00007f7aefd13410 00007f7ae0c19410
0x00007f7b3ee3d520:   00007f7b3ee3d570 00007f7b3167e093
0x00007f7b3ee3d530:   00007f7b3ee3d610 00007f7aefd13410
0x00007f7b3ee3d540:   00007f7b3ee3d628 00007f7ae0c19410
0x00007f7b3ee3d550:   00007f7b3ee3d600 00007f7b3800a1d8
0x00007f7b3ee3d560:   00007f7ae0c19410 00007f7aefd13410
0x00007f7b3ee3d570:   00007f7b3ee3d5f0 00007f7b349f0cd8
0x00007f7b3ee3d580:   00000007d6d9ed28 00007f7aefd13410
0x00007f7b3ee3d590:   00007f7b3ee3d608 00007f7b349e4058
0x00007f7b3ee3d5a0:   00007f7b349e4058 0000000000000000 

Instructions: (pc=0x00007f7b3d048444)
0x00007f7b3d048424:   f0 48 89 6c 24 f8 48 83 ec 38 48 8b 06 48 8b 17
0x00007f7b3d048434:   48 89 fb 48 8d 78 e8 48 83 ea 18 48 39 d7 74 1d
0x00007f7b3d048444:   44 8b 40 f8 45 85 c0 78 2b 48 8b 2d f4 b5 22 00
0x00007f7b3d048454:   48 39 ef 75 54 48 39 ea 75 36 48 89 03 48 89 d8 

Register to memory mapping:

RAX=0x0000000000000001 is an unknown value
RBX=0x00007f7ae28702f0 is an unknown value
RCX=0x00007f7b38000020 is an unknown value
RDX=0x00007f7b3d28a4e0: _ZNSbIwSt11char_traitsIwESaIwEE4_Rep20_S_empty_rep_storageE+0 in /usr/lib/x86_64-linux-gnu/libstdc++.so.6 at 0x00007f7b3cf88000
RSP=0x00007f7b3ee3d3b0 is pointing into the stack for thread: 0x00007f7b3800a000
RBP=0x00007f7aefd13410 is an unknown value
RSI=0x00007f7aefd13420 is an unknown value
RDI=0xffffffffffffffe9 is an unknown value
R8 =0x00007f7aefd13410 is an unknown value
R9 =0x0000000000000098 is an unknown value
R10=0x000000000000000a is an unknown value
R11=0x00007f7b38000078 is an unknown value
R12=0x00007f7ae2870320 is an unknown value
R13=0x000000077a4de1e0 is an oop
{method} 
 - klass: {other class}
R14=0x00007f7b3ee3d638 is pointing into the stack for thread: 0x00007f7b3800a000
R15=0x00007f7b3800a000 is a thread


Stack: [0x00007f7b3ed3e000,0x00007f7b3ee3f000],  sp=0x00007f7b3ee3d3b0,  free space=1020k
Native frames: (J=compiled Java code, j=interpreted, Vv=VM code, C=native code)
C  [libstdc++.so.6+0xc0444]  std::basic_string<wchar_t, std::char_traits<wchar_t>, std::allocator<wchar_t> >::assign(std::basic_string<wchar_t, std::char_traits<wchar_t>, std::allocator<wchar_t> > const&)+0x24

Java frames: (J=compiled Java code, j=interpreted, Vv=VM code)
j  edu.upc.freeling.freelingJNI.ListWord_pushBack(JLedu/upc/freeling/ListWord;JLedu/upc/freeling/Word;)V+0
j  edu.upc.freeling.ListWord.pushBack(Ledu/upc/freeling/Word;)V+10
j  knOWLearn.Utils.Document.Document.tokenize()V+178
j  knOWLearn.Utils.Document.Document.<init>(Ljava/lang/String;Ljava/lang/String;)V+27
j  knOWLearn.Utils.Document.DocumentDataBase.processDocuments(Ljava/lang/String;)V+278
j  knOWLearn.Utils.Document.DocumentDataBase.<init>(Ljava/lang/String;Z)V+62
j  knOWLearn.TermExtraction.TermExtractor.<init>(Ljava/lang/String;Z)V+21
j  knOWLearn.TermExtraction.TermExtractor.main([Ljava/lang/String;)V+29
v  ~StubRoutines::call_stub

---------------  P R O C E S S  ---------------

Java Threads: ( => current thread )
  0x00007f7b380a6000 JavaThread "Service Thread" daemon [_thread_blocked, id=16907, stack(0x00007f7b319e0000,0x00007f7b31ae1000)]
  0x00007f7b380a4000 JavaThread "C2 CompilerThread1" daemon [_thread_blocked, id=16906, stack(0x00007f7b31ae1000,0x00007f7b31be2000)]
  0x00007f7b380a1000 JavaThread "C2 CompilerThread0" daemon [_thread_blocked, id=16905, stack(0x00007f7b31be2000,0x00007f7b31ce3000)]
  0x00007f7b3809e800 JavaThread "Signal Dispatcher" daemon [_thread_blocked, id=16904, stack(0x00007f7b31ce3000,0x00007f7b31de4000)]
  0x00007f7b3807c000 JavaThread "Finalizer" daemon [_thread_blocked, id=16903, stack(0x00007f7b324c5000,0x00007f7b325c6000)]
  0x00007f7b3807a000 JavaThread "Reference Handler" daemon [_thread_blocked, id=16902, stack(0x00007f7b325c6000,0x00007f7b326c7000)]
=>0x00007f7b3800a000 JavaThread "main" [_thread_in_native, id=16896, stack(0x00007f7b3ed3e000,0x00007f7b3ee3f000)]

Other Threads:
  0x00007f7b38075800 VMThread [stack: 0x00007f7b326c7000,0x00007f7b327c8000] [id=16901]
  0x00007f7b380b1000 WatcherThread [stack: 0x00007f7b318df000,0x00007f7b319e0000] [id=16908]

VM state:not at safepoint (normal execution)

VM Mutex/Monitor currently owned by a thread: None

Heap
 PSYoungGen      total 37376K, used 9105K [0x00000007d6d00000, 0x00000007d9680000, 0x0000000800000000)
  eden space 32256K, 28% used [0x00000007d6d00000,0x00000007d75e47f8,0x00000007d8c80000)
  from space 5120K, 0% used [0x00000007d9180000,0x00000007d9180000,0x00000007d9680000)
  to   space 5120K, 0% used [0x00000007d8c80000,0x00000007d8c80000,0x00000007d9180000)
 ParOldGen       total 83968K, used 0K [0x0000000784800000, 0x0000000789a00000, 0x00000007d6d00000)
  object space 83968K, 0% used [0x0000000784800000,0x0000000784800000,0x0000000789a00000)
 PSPermGen       total 21504K, used 3398K [0x000000077a200000, 0x000000077b700000, 0x0000000784800000)
  object space 21504K, 15% used [0x000000077a200000,0x000000077a551a38,0x000000077b700000)

Card table byte_map: [0x00007f7b345ae000,0x00007f7b349de000] byte_map_base: 0x00007f7b309dd000

Polling page: 0x00007f7b3ee67000

Code Cache  [0x00007f7b349de000, 0x00007f7b34c4e000, 0x00007f7b379de000)
 total_blobs=260 nmethods=43 adapters=170 free_code_cache=48649Kb largest_free_block=49799488

Compilation events (10 events):
Event: 15.867 Thread 0x00007f7b380a1000   39             java.util.regex.Pattern$Node::study (21 bytes)
Event: 15.867 Thread 0x00007f7b380a1000 nmethod 39 0x00007f7b34a56450 code [0x00007f7b34a565a0, 0x00007f7b34a56638]
Event: 16.633 Thread 0x00007f7b380a4000   40             java.util.regex.Pattern::atom (378 bytes)
Event: 16.658 Thread 0x00007f7b380a4000 nmethod 40 0x00007f7b34a5a650 code [0x00007f7b34a5ab00, 0x00007f7b34a5b918]
Event: 17.314 Thread 0x00007f7b380a1000   41             java.util.ArrayList::access$100 (5 bytes)
Event: 17.315 Thread 0x00007f7b380a1000 nmethod 41 0x00007f7b34a4db10 code [0x00007f7b34a4dc40, 0x00007f7b34a4dc98]
Event: 17.660 Thread 0x00007f7b380a4000   42             java.util.regex.Pattern$TreeInfo::reset (21 bytes)
Event: 17.660 Thread 0x00007f7b380a4000 nmethod 42 0x00007f7b34a5e790 code [0x00007f7b34a5e8c0, 0x00007f7b34a5e938]
Event: 17.741 Thread 0x00007f7b380a1000   43             edu.upc.freeling.ListAnalysis::<init> (15 bytes)
Event: 17.742 Thread 0x00007f7b380a1000 nmethod 43 0x00007f7b34a5a3d0 code [0x00007f7b34a5a500, 0x00007f7b34a5a598]

GC Heap History (0 events):
No events

Deoptimization events (0 events):
No events

Internal exceptions (10 events):
Event: 1.070 Thread 0x00007f7b3800a000 Threw 0x00000007d6dd63d8 at /build/buildd/openjdk-7-7u51-2.4.4/build/openjdk/hotspot/src/share/vm/prims/jvm.cpp:1244
Event: 2.199 Thread 0x00007f7b3800a000 Threw 0x00000007d6dd9c70 at /build/buildd/openjdk-7-7u51-2.4.4/build/openjdk/hotspot/src/share/vm/prims/jvm.cpp:1244
Event: 4.275 Thread 0x00007f7b3800a000 Threw 0x00000007d6ddd558 at /build/buildd/openjdk-7-7u51-2.4.4/build/openjdk/hotspot/src/share/vm/prims/jvm.cpp:1244
Event: 4.395 Thread 0x00007f7b3800a000 Threw 0x00000007d6de1438 at /build/buildd/openjdk-7-7u51-2.4.4/build/openjdk/hotspot/src/share/vm/prims/jvm.cpp:1244
Event: 4.494 Thread 0x00007f7b3800a000 Threw 0x00000007d6de5968 at /build/buildd/openjdk-7-7u51-2.4.4/build/openjdk/hotspot/src/share/vm/prims/jvm.cpp:1244
Event: 4.494 Thread 0x00007f7b3800a000 Threw 0x00000007d6de9548 at /build/buildd/openjdk-7-7u51-2.4.4/build/openjdk/hotspot/src/share/vm/prims/jvm.cpp:1244
Event: 4.496 Thread 0x00007f7b3800a000 Threw 0x00000007d6def738 at /build/buildd/openjdk-7-7u51-2.4.4/build/openjdk/hotspot/src/share/vm/prims/jvm.cpp:1244
Event: 4.496 Thread 0x00007f7b3800a000 Threw 0x00000007d6df34e0 at /build/buildd/openjdk-7-7u51-2.4.4/build/openjdk/hotspot/src/share/vm/prims/jvm.cpp:1244
Event: 4.497 Thread 0x00007f7b3800a000 Threw 0x00000007d6dfe0f8 at /build/buildd/openjdk-7-7u51-2.4.4/build/openjdk/hotspot/src/share/vm/prims/jvm.cpp:1244
Event: 4.503 Thread 0x00007f7b3800a000 Threw 0x00000007d6e10150 at /build/buildd/openjdk-7-7u51-2.4.4/build/openjdk/hotspot/src/share/vm/prims/jvm.cpp:1244

Events (10 events):
Event: 4.508 loading class 0x00007f7b380adb60
Event: 4.508 loading class 0x00007f7b380adb60 done
Event: 4.508 loading class 0x00007f7b380ae550
Event: 4.508 loading class 0x00007f7b380ae550 done
Event: 4.508 loading class 0x00007f7b380af2a0
Event: 4.508 loading class 0x00007f7b380af2a0 done
Event: 4.508 loading class 0x00007f7b380ae640
Event: 4.508 loading class 0x00007f7b380ae640 done
Event: 4.508 loading class 0x00007f7b380ad860
Event: 4.508 loading class 0x00007f7b380ad860 done


Dynamic libraries:
00400000-00401000 r-xp 00000000 08:06 4590499                            /usr/lib/jvm/java-7-openjdk-amd64/jre/bin/java
00600000-00601000 r--p 00000000 08:06 4590499                            /usr/lib/jvm/java-7-openjdk-amd64/jre/bin/java
00601000-00602000 rw-p 00001000 08:06 4590499                            /usr/lib/jvm/java-7-openjdk-amd64/jre/bin/java
00f21000-00f42000 rw-p 00000000 00:00 0                                  [heap]
77a200000-77b700000 rw-p 00000000 00:00 0 
77b700000-784800000 rw-p 00000000 00:00 0 
784800000-789a00000 rw-p 00000000 00:00 0 
789a00000-7d6d00000 rw-p 00000000 00:00 0 
7d6d00000-7d9680000 rw-p 00000000 00:00 0 
7d9680000-800000000 rw-p 00000000 00:00 0 
7f7ae0000000-7f7ae3f9e000 rw-p 00000000 00:00 0 
7f7ae3f9e000-7f7ae4000000 ---p 00000000 00:00 0 
7f7ae8000000-7f7ae8021000 rw-p 00000000 00:00 0 
7f7ae8021000-7f7aec000000 ---p 00000000 00:00 0 
7f7aec000000-7f7af0000000 rw-p 00000000 00:00 0 
7f7af0000000-7f7af02ab000 rw-p 00000000 00:00 0 
7f7af02ab000-7f7af4000000 ---p 00000000 00:00 0 
7f7af4000000-7f7af4021000 rw-p 00000000 00:00 0 
7f7af4021000-7f7af8000000 ---p 00000000 00:00 0 
7f7af8000000-7f7af8021000 rw-p 00000000 00:00 0 
7f7af8021000-7f7afc000000 ---p 00000000 00:00 0 
7f7afc000000-7f7afc238000 rw-p 00000000 00:00 0 
7f7afc238000-7f7b00000000 ---p 00000000 00:00 0 
7f7b00000000-7f7b00021000 rw-p 00000000 00:00 0 
7f7b00021000-7f7b04000000 ---p 00000000 00:00 0 
7f7b04000000-7f7b04021000 rw-p 00000000 00:00 0 
7f7b04021000-7f7b08000000 ---p 00000000 00:00 0 
7f7b08000000-7f7b08021000 rw-p 00000000 00:00 0 
7f7b08021000-7f7b0c000000 ---p 00000000 00:00 0 
7f7b0fd10000-7f7b14000000 rw-p 00000000 00:00 0 
7f7b14000000-7f7b14021000 rw-p 00000000 00:00 0 
7f7b14021000-7f7b18000000 ---p 00000000 00:00 0 
7f7b1c000000-7f7b1c021000 rw-p 00000000 00:00 0 
7f7b1c021000-7f7b20000000 ---p 00000000 00:00 0 
7f7b24000000-7f7b24021000 rw-p 00000000 00:00 0 
7f7b24021000-7f7b28000000 ---p 00000000 00:00 0 
7f7b28fec000-7f7b2a15b000 r-xp 00000000 08:06 1971079                    /usr/lib/x86_64-linux-gnu/libicudata.so.48.1.1
7f7b2a15b000-7f7b2a35a000 ---p 0116f000 08:06 1971079                    /usr/lib/x86_64-linux-gnu/libicudata.so.48.1.1
7f7b2a35a000-7f7b2a35b000 r--p 0116e000 08:06 1971079                    /usr/lib/x86_64-linux-gnu/libicudata.so.48.1.1
7f7b2a35b000-7f7b2a35c000 rw-p 0116f000 08:06 1971079                    /usr/lib/x86_64-linux-gnu/libicudata.so.48.1.1
7f7b2a35c000-7f7b2a5de000 r-xp 00000000 08:06 2378881                    /usr/local/lib/libfreeling-3.1.so
7f7b2a5de000-7f7b2a7de000 ---p 00282000 08:06 2378881                    /usr/local/lib/libfreeling-3.1.so
7f7b2a7de000-7f7b2a7e3000 r--p 00282000 08:06 2378881                    /usr/local/lib/libfreeling-3.1.so
7f7b2a7e3000-7f7b2a7e8000 rw-p 00287000 08:06 2378881                    /usr/local/lib/libfreeling-3.1.so
7f7b2a7e8000-7f7b2c000000 rw-p 00000000 00:00 0 
7f7b2c000000-7f7b2c021000 rw-p 00000000 00:00 0 
7f7b2c021000-7f7b30000000 ---p 00000000 00:00 0 
7f7b3015f000-7f7b30bac000 rw-p 00000000 00:00 0 
7f7b30bac000-7f7b30d65000 r-xp 00000000 08:06 1971083                    /usr/lib/x86_64-linux-gnu/libicui18n.so.48.1.1
7f7b30d65000-7f7b30f64000 ---p 001b9000 08:06 1971083                    /usr/lib/x86_64-linux-gnu/libicui18n.so.48.1.1
7f7b30f64000-7f7b30f71000 r--p 001b8000 08:06 1971083                    /usr/lib/x86_64-linux-gnu/libicui18n.so.48.1.1
7f7b30f71000-7f7b30f72000 rw-p 001c5000 08:06 1971083                    /usr/lib/x86_64-linux-gnu/libicui18n.so.48.1.1
7f7b30f72000-7f7b310c8000 r-xp 00000000 08:06 1980633                    /usr/lib/x86_64-linux-gnu/libicuuc.so.48.1.1
7f7b310c8000-7f7b312c7000 ---p 00156000 08:06 1980633                    /usr/lib/x86_64-linux-gnu/libicuuc.so.48.1.1
7f7b312c7000-7f7b312d8000 r--p 00155000 08:06 1980633                    /usr/lib/x86_64-linux-gnu/libicuuc.so.48.1.1
7f7b312d8000-7f7b312d9000 rw-p 00166000 08:06 1980633                    /usr/lib/x86_64-linux-gnu/libicuuc.so.48.1.1
7f7b312d9000-7f7b312dd000 rw-p 00000000 00:00 0 
7f7b312dd000-7f7b313f1000 r-xp 00000000 08:06 1966308                    /usr/lib/libboost_regex.so.1.49.0
7f7b313f1000-7f7b315f0000 ---p 00114000 08:06 1966308                    /usr/lib/libboost_regex.so.1.49.0
7f7b315f0000-7f7b315f5000 r--p 00113000 08:06 1966308                    /usr/lib/libboost_regex.so.1.49.0
7f7b315f5000-7f7b315f8000 rw-p 00118000 08:06 1966308                    /usr/lib/libboost_regex.so.1.49.0
7f7b3161c000-7f7b316db000 r-xp 00000000 08:06 6060713                    /usr/local/lib/libfreeling_javaAPI.so
7f7b316db000-7f7b318da000 ---p 000bf000 08:06 6060713                    /usr/local/lib/libfreeling_javaAPI.so
7f7b318da000-7f7b318db000 r--p 000be000 08:06 6060713                    /usr/local/lib/libfreeling_javaAPI.so
7f7b318db000-7f7b318df000 rw-p 000bf000 08:06 6060713                    /usr/local/lib/libfreeling_javaAPI.so
7f7b318df000-7f7b318e0000 ---p 00000000 00:00 0 
7f7b318e0000-7f7b319e0000 rw-p 00000000 00:00 0                          [stack:16908]
7f7b319e0000-7f7b319e3000 ---p 00000000 00:00 0 
7f7b319e3000-7f7b31ae1000 rw-p 00000000 00:00 0                          [stack:16907]
7f7b31ae1000-7f7b31ae4000 ---p 00000000 00:00 0 
7f7b31ae4000-7f7b31be2000 rw-p 00000000 00:00 0                          [stack:16906]
7f7b31be2000-7f7b31be5000 ---p 00000000 00:00 0 
7f7b31be5000-7f7b31ce3000 rw-p 00000000 00:00 0                          [stack:16905]
7f7b31ce3000-7f7b31ce6000 ---p 00000000 00:00 0 
7f7b31ce6000-7f7b31de4000 rw-p 00000000 00:00 0                          [stack:16904]
7f7b31de4000-7f7b324c5000 r--p 00000000 08:06 1972544                    /usr/lib/locale/locale-archive
7f7b324c5000-7f7b324c8000 ---p 00000000 00:00 0 
7f7b324c8000-7f7b325c6000 rw-p 00000000 00:00 0                          [stack:16903]
7f7b325c6000-7f7b325c9000 ---p 00000000 00:00 0 
7f7b325c9000-7f7b326c7000 rw-p 00000000 00:00 0                          [stack:16902]
7f7b326c7000-7f7b326c8000 ---p 00000000 00:00 0 
7f7b326c8000-7f7b337c4000 rw-p 00000000 00:00 0                          [stack:16901]
7f7b337c4000-7f7b33972000 r--s 01cf4000 08:06 3413171                    /usr/lib/jvm/java-7-openjdk-amd64/jre/lib/rt.jar
7f7b33972000-7f7b33ec4000 rw-p 00000000 00:00 0 
7f7b33ec4000-7f7b33ec5000 ---p 00000000 00:00 0 
7f7b33ec5000-7f7b33fc5000 rw-p 00000000 00:00 0                          [stack:16900]
7f7b33fc5000-7f7b33fc6000 ---p 00000000 00:00 0 
7f7b33fc6000-7f7b340c6000 rw-p 00000000 00:00 0                          [stack:16899]
7f7b340c6000-7f7b340c7000 ---p 00000000 00:00 0 
7f7b340c7000-7f7b341c7000 rw-p 00000000 00:00 0                          [stack:16898]
7f7b341c7000-7f7b341c8000 ---p 00000000 00:00 0 
7f7b341c8000-7f7b342d3000 rw-p 00000000 00:00 0                          [stack:16897]
7f7b342d3000-7f7b3431b000 rw-p 00000000 00:00 0 
7f7b3431b000-7f7b34344000 rw-p 00000000 00:00 0 
7f7b34344000-7f7b345ae000 rw-p 00000000 00:00 0 
7f7b345ae000-7f7b345b9000 rw-p 00000000 00:00 0 
7f7b345b9000-7f7b34601000 rw-p 00000000 00:00 0 
7f7b34601000-7f7b3462a000 rw-p 00000000 00:00 0 
7f7b3462a000-7f7b34893000 rw-p 00000000 00:00 0 
7f7b34893000-7f7b348a9000 rw-p 00000000 00:00 0 
7f7b348a9000-7f7b349dd000 rw-p 00000000 00:00 0 
7f7b349dd000-7f7b349de000 rw-p 00000000 00:00 0 
7f7b349de000-7f7b34c4e000 rwxp 00000000 00:00 0 
7f7b34c4e000-7f7b379de000 rw-p 00000000 00:00 0 
7f7b379de000-7f7b379e6000 r-xp 00000000 08:06 4332592                    /usr/lib/jvm/java-7-openjdk-amd64/jre/lib/amd64/libzip.so
7f7b379e6000-7f7b37be5000 ---p 00008000 08:06 4332592                    /usr/lib/jvm/java-7-openjdk-amd64/jre/lib/amd64/libzip.so
7f7b37be5000-7f7b37be6000 r--p 00007000 08:06 4332592                    /usr/lib/jvm/java-7-openjdk-amd64/jre/lib/amd64/libzip.so
7f7b37be6000-7f7b37be7000 rw-p 00008000 08:06 4332592                    /usr/lib/jvm/java-7-openjdk-amd64/jre/lib/amd64/libzip.so
7f7b37be7000-7f7b37bf3000 r-xp 00000000 08:06 5769447                    /lib/x86_64-linux-gnu/libnss_files-2.17.so
7f7b37bf3000-7f7b37df2000 ---p 0000c000 08:06 5769447                    /lib/x86_64-linux-gnu/libnss_files-2.17.so
7f7b37df2000-7f7b37df3000 r--p 0000b000 08:06 5769447                    /lib/x86_64-linux-gnu/libnss_files-2.17.so
7f7b37df3000-7f7b37df4000 rw-p 0000c000 08:06 5769447                    /lib/x86_64-linux-gnu/libnss_files-2.17.so
7f7b37df4000-7f7b37dff000 r-xp 00000000 08:06 5769474                    /lib/x86_64-linux-gnu/libnss_nis-2.17.so
7f7b37dff000-7f7b37ffe000 ---p 0000b000 08:06 5769474                    /lib/x86_64-linux-gnu/libnss_nis-2.17.so
7f7b37ffe000-7f7b37fff000 r--p 0000a000 08:06 5769474                    /lib/x86_64-linux-gnu/libnss_nis-2.17.so
7f7b37fff000-7f7b38000000 rw-p 0000b000 08:06 5769474                    /lib/x86_64-linux-gnu/libnss_nis-2.17.so
7f7b38000000-7f7b3c000000 rw-p 00000000 00:00 0 
7f7b3c004000-7f7b3c01b000 r-xp 00000000 08:06 5769428                    /lib/x86_64-linux-gnu/libnsl-2.17.so
7f7b3c01b000-7f7b3c21a000 ---p 00017000 08:06 5769428                    /lib/x86_64-linux-gnu/libnsl-2.17.so
7f7b3c21a000-7f7b3c21b000 r--p 00016000 08:06 5769428                    /lib/x86_64-linux-gnu/libnsl-2.17.so
7f7b3c21b000-7f7b3c21c000 rw-p 00017000 08:06 5769428                    /lib/x86_64-linux-gnu/libnsl-2.17.so
7f7b3c21c000-7f7b3c21e000 rw-p 00000000 00:00 0 
7f7b3c21e000-7f7b3c226000 r-xp 00000000 08:06 5769480                    /lib/x86_64-linux-gnu/libnss_compat-2.17.so
7f7b3c226000-7f7b3c425000 ---p 00008000 08:06 5769480                    /lib/x86_64-linux-gnu/libnss_compat-2.17.so
7f7b3c425000-7f7b3c426000 r--p 00007000 08:06 5769480                    /lib/x86_64-linux-gnu/libnss_compat-2.17.so
7f7b3c426000-7f7b3c427000 rw-p 00008000 08:06 5769480                    /lib/x86_64-linux-gnu/libnss_compat-2.17.so
7f7b3c427000-7f7b3c452000 r-xp 00000000 08:06 4332576                    /usr/lib/jvm/java-7-openjdk-amd64/jre/lib/amd64/libjava.so
7f7b3c452000-7f7b3c651000 ---p 0002b000 08:06 4332576                    /usr/lib/jvm/java-7-openjdk-amd64/jre/lib/amd64/libjava.so
7f7b3c651000-7f7b3c652000 r--p 0002a000 08:06 4332576                    /usr/lib/jvm/java-7-openjdk-amd64/jre/lib/amd64/libjava.so
7f7b3c652000-7f7b3c654000 rw-p 0002b000 08:06 4332576                    /usr/lib/jvm/java-7-openjdk-amd64/jre/lib/amd64/libjava.so
7f7b3c654000-7f7b3c663000 r-xp 00000000 08:06 4332575                    /usr/lib/jvm/java-7-openjdk-amd64/jre/lib/amd64/libverify.so
7f7b3c663000-7f7b3c862000 ---p 0000f000 08:06 4332575                    /usr/lib/jvm/java-7-openjdk-amd64/jre/lib/amd64/libverify.so
7f7b3c862000-7f7b3c864000 r--p 0000e000 08:06 4332575                    /usr/lib/jvm/java-7-openjdk-amd64/jre/lib/amd64/libverify.so
7f7b3c864000-7f7b3c865000 rw-p 00010000 08:06 4332575                    /usr/lib/jvm/java-7-openjdk-amd64/jre/lib/amd64/libverify.so
7f7b3c865000-7f7b3c86c000 r-xp 00000000 08:06 5769457                    /lib/x86_64-linux-gnu/librt-2.17.so
7f7b3c86c000-7f7b3ca6b000 ---p 00007000 08:06 5769457                    /lib/x86_64-linux-gnu/librt-2.17.so
7f7b3ca6b000-7f7b3ca6c000 r--p 00006000 08:06 5769457                    /lib/x86_64-linux-gnu/librt-2.17.so
7f7b3ca6c000-7f7b3ca6d000 rw-p 00007000 08:06 5769457                    /lib/x86_64-linux-gnu/librt-2.17.so
7f7b3ca6d000-7f7b3ca81000 r-xp 00000000 08:06 5770934                    /lib/x86_64-linux-gnu/libgcc_s.so.1
7f7b3ca81000-7f7b3cc81000 ---p 00014000 08:06 5770934                    /lib/x86_64-linux-gnu/libgcc_s.so.1
7f7b3cc81000-7f7b3cc82000 r--p 00014000 08:06 5770934                    /lib/x86_64-linux-gnu/libgcc_s.so.1
7f7b3cc82000-7f7b3cc83000 rw-p 00015000 08:06 5770934                    /lib/x86_64-linux-gnu/libgcc_s.so.1
7f7b3cc83000-7f7b3cd86000 r-xp 00000000 08:06 5769479                    /lib/x86_64-linux-gnu/libm-2.17.so
7f7b3cd86000-7f7b3cf86000 ---p 00103000 08:06 5769479                    /lib/x86_64-linux-gnu/libm-2.17.so
7f7b3cf86000-7f7b3cf87000 r--p 00103000 08:06 5769479                    /lib/x86_64-linux-gnu/libm-2.17.so
7f7b3cf87000-7f7b3cf88000 rw-p 00104000 08:06 5769479                    /lib/x86_64-linux-gnu/libm-2.17.so
7f7b3cf88000-7f7b3d06d000 r-xp 00000000 08:06 1974230                    /usr/lib/x86_64-linux-gnu/libstdc++.so.6.0.17
7f7b3d06d000-7f7b3d26c000 ---p 000e5000 08:06 1974230                    /usr/lib/x86_64-linux-gnu/libstdc++.so.6.0.17
7f7b3d26c000-7f7b3d274000 r--p 000e4000 08:06 1974230                    /usr/lib/x86_64-linux-gnu/libstdc++.so.6.0.17
7f7b3d274000-7f7b3d276000 rw-p 000ec000 08:06 1974230                    /usr/lib/x86_64-linux-gnu/libstdc++.so.6.0.17
7f7b3d276000-7f7b3d28b000 rw-p 00000000 00:00 0 
7f7b3d28b000-7f7b3dd51000 r-xp 00000000 08:06 4588409                    /usr/lib/jvm/java-7-openjdk-amd64/jre/lib/amd64/server/libjvm.so
7f7b3dd51000-7f7b3df51000 ---p 00ac6000 08:06 4588409                    /usr/lib/jvm/java-7-openjdk-amd64/jre/lib/amd64/server/libjvm.so
7f7b3df51000-7f7b3dfe9000 r--p 00ac6000 08:06 4588409                    /usr/lib/jvm/java-7-openjdk-amd64/jre/lib/amd64/server/libjvm.so
7f7b3dfe9000-7f7b3e00c000 rw-p 00b5e000 08:06 4588409                    /usr/lib/jvm/java-7-openjdk-amd64/jre/lib/amd64/server/libjvm.so
7f7b3e00c000-7f7b3e039000 rw-p 00000000 00:00 0 
7f7b3e039000-7f7b3e04f000 r-xp 00000000 08:06 5771062                    /lib/x86_64-linux-gnu/libz.so.1.2.7
7f7b3e04f000-7f7b3e24e000 ---p 00016000 08:06 5771062                    /lib/x86_64-linux-gnu/libz.so.1.2.7
7f7b3e24e000-7f7b3e24f000 r--p 00015000 08:06 5771062                    /lib/x86_64-linux-gnu/libz.so.1.2.7
7f7b3e24f000-7f7b3e250000 rw-p 00016000 08:06 5771062                    /lib/x86_64-linux-gnu/libz.so.1.2.7
7f7b3e250000-7f7b3e268000 r-xp 00000000 08:06 5769430                    /lib/x86_64-linux-gnu/libpthread-2.17.so
7f7b3e268000-7f7b3e467000 ---p 00018000 08:06 5769430                    /lib/x86_64-linux-gnu/libpthread-2.17.so
7f7b3e467000-7f7b3e468000 r--p 00017000 08:06 5769430                    /lib/x86_64-linux-gnu/libpthread-2.17.so
7f7b3e468000-7f7b3e469000 rw-p 00018000 08:06 5769430                    /lib/x86_64-linux-gnu/libpthread-2.17.so
7f7b3e469000-7f7b3e46d000 rw-p 00000000 00:00 0 
7f7b3e46d000-7f7b3e470000 r-xp 00000000 08:06 5769446                    /lib/x86_64-linux-gnu/libdl-2.17.so
7f7b3e470000-7f7b3e66f000 ---p 00003000 08:06 5769446                    /lib/x86_64-linux-gnu/libdl-2.17.so
7f7b3e66f000-7f7b3e670000 r--p 00002000 08:06 5769446                    /lib/x86_64-linux-gnu/libdl-2.17.so
7f7b3e670000-7f7b3e671000 rw-p 00003000 08:06 5769446                    /lib/x86_64-linux-gnu/libdl-2.17.so
7f7b3e671000-7f7b3e830000 r-xp 00000000 08:06 5769490                    /lib/x86_64-linux-gnu/libc-2.17.so
7f7b3e830000-7f7b3ea2f000 ---p 001bf000 08:06 5769490                    /lib/x86_64-linux-gnu/libc-2.17.so
7f7b3ea2f000-7f7b3ea33000 r--p 001be000 08:06 5769490                    /lib/x86_64-linux-gnu/libc-2.17.so
7f7b3ea33000-7f7b3ea35000 rw-p 001c2000 08:06 5769490                    /lib/x86_64-linux-gnu/libc-2.17.so
7f7b3ea35000-7f7b3ea3a000 rw-p 00000000 00:00 0 
7f7b3ea3a000-7f7b3ea47000 r-xp 00000000 08:06 4588406                    /usr/lib/jvm/java-7-openjdk-amd64/jre/lib/amd64/jli/libjli.so
7f7b3ea47000-7f7b3ec46000 ---p 0000d000 08:06 4588406                    /usr/lib/jvm/java-7-openjdk-amd64/jre/lib/amd64/jli/libjli.so
7f7b3ec46000-7f7b3ec47000 r--p 0000c000 08:06 4588406                    /usr/lib/jvm/java-7-openjdk-amd64/jre/lib/amd64/jli/libjli.so
7f7b3ec47000-7f7b3ec48000 rw-p 0000d000 08:06 4588406                    /usr/lib/jvm/java-7-openjdk-amd64/jre/lib/amd64/jli/libjli.so
7f7b3ec48000-7f7b3ec6b000 r-xp 00000000 08:06 5769285                    /lib/x86_64-linux-gnu/ld-2.17.so
7f7b3ec77000-7f7b3ec7e000 r--s 00000000 08:06 2371280                    /usr/lib/x86_64-linux-gnu/gconv/gconv-modules.cache
7f7b3ec7e000-7f7b3ec88000 rw-p 00000000 00:00 0 
7f7b3ec88000-7f7b3ed3e000 rw-p 00000000 00:00 0 
7f7b3ed3e000-7f7b3ed41000 ---p 00000000 00:00 0 
7f7b3ed41000-7f7b3ee44000 rw-p 00000000 00:00 0                          [stack:16896]
7f7b3ee48000-7f7b3ee4c000 r--s 00021000 08:06 6039637                    /home/vieyra/SWB4/swb/lib/NLP/freeling-3.1.jar
7f7b3ee4c000-7f7b3ee50000 r--s 0003b000 08:06 3801371                    /usr/lib/jvm/java-7-openjdk-amd64/jre/lib/ext/sunpkcs11.jar
7f7b3ee50000-7f7b3ee53000 r--s 00032000 08:06 3801374                    /usr/lib/jvm/java-7-openjdk-amd64/jre/lib/ext/sunjce_provider.jar
7f7b3ee53000-7f7b3ee57000 r--s 00085000 08:06 3801383                    /usr/lib/jvm/java-7-openjdk-amd64/jre/lib/ext/localedata.jar
7f7b3ee57000-7f7b3ee59000 r--s 00012000 08:06 3801377                    /usr/lib/jvm/java-7-openjdk-amd64/jre/lib/ext/zipfs.jar
7f7b3ee59000-7f7b3ee5b000 r--s 0000f000 08:06 3801381                    /usr/lib/jvm/java-7-openjdk-amd64/jre/lib/ext/pulse-java.jar
7f7b3ee5b000-7f7b3ee5c000 r--s 00002000 08:06 3801379                    /usr/lib/jvm/java-7-openjdk-amd64/jre/lib/ext/dnsns.jar
7f7b3ee5c000-7f7b3ee5e000 r--s 00006000 08:06 2367710                    /usr/share/java/java-atk-wrapper.jar
7f7b3ee5e000-7f7b3ee66000 rw-s 00000000 08:06 527727                     /tmp/hsperfdata_vieyra/16892
7f7b3ee66000-7f7b3ee67000 rw-p 00000000 00:00 0 
7f7b3ee67000-7f7b3ee68000 r--p 00000000 00:00 0 
7f7b3ee68000-7f7b3ee6a000 rw-p 00000000 00:00 0 
7f7b3ee6a000-7f7b3ee6b000 r--p 00022000 08:06 5769285                    /lib/x86_64-linux-gnu/ld-2.17.so
7f7b3ee6b000-7f7b3ee6d000 rw-p 00023000 08:06 5769285                    /lib/x86_64-linux-gnu/ld-2.17.so
7fff41c21000-7fff41c42000 rw-p 00000000 00:00 0                          [stack]
7fff41dbd000-7fff41dbf000 r-xp 00000000 00:00 0                          [vdso]
ffffffffff600000-ffffffffff601000 r-xp 00000000 00:00 0                  [vsyscall]

VM Arguments:
jvm_args: -Dfile.encoding=UTF-8 
java_command: knOWLearn.TermExtraction.TermExtractor
Launcher Type: SUN_STANDARD

Environment Variables:
PATH=/usr/local/sbin:/usr/local/bin:/usr/sbin:/usr/bin:/sbin:/bin:/usr/games:/usr/local/games
USERNAME=vieyra
LD_LIBRARY_PATH=/usr/lib/jvm/default-java/jre/lib/amd64:/usr/lib/jvm/default-java/jre/lib/i386:/usr/local/lib:/usr/local/
SHELL=/bin/bash
DISPLAY=:0.0

Signal Handlers:
SIGSEGV: [libjvm.so+0x8f8310], sa_mask[0]=0x7ffbfeff, sa_flags=0x10000004
SIGBUS: [libjvm.so+0x8f8310], sa_mask[0]=0x7ffbfeff, sa_flags=0x10000004
SIGFPE: [libjvm.so+0x781ce0], sa_mask[0]=0x7ffbfeff, sa_flags=0x10000004
SIGPIPE: [libjvm.so+0x781ce0], sa_mask[0]=0x7ffbfeff, sa_flags=0x10000004
SIGXFSZ: [libjvm.so+0x781ce0], sa_mask[0]=0x7ffbfeff, sa_flags=0x10000004
SIGILL: [libjvm.so+0x781ce0], sa_mask[0]=0x7ffbfeff, sa_flags=0x10000004
SIGUSR1: SIG_DFL, sa_mask[0]=0x00000000, sa_flags=0x00000000
SIGUSR2: [libjvm.so+0x781fd0], sa_mask[0]=0x00000004, sa_flags=0x10000004
SIGHUP: [libjvm.so+0x782140], sa_mask[0]=0x7ffbfeff, sa_flags=0x10000004
SIGINT: SIG_IGN, sa_mask[0]=0x00000000, sa_flags=0x00000000
SIGTERM: [libjvm.so+0x782140], sa_mask[0]=0x7ffbfeff, sa_flags=0x10000004
SIGQUIT: [libjvm.so+0x782140], sa_mask[0]=0x7ffbfeff, sa_flags=0x10000004


---------------  S Y S T E M  ---------------

OS:Ubuntu 13.04 (raring)
uname:Linux 3.8.0-35-generic #50-Ubuntu SMP Tue Dec 3 01:24:59 UTC 2013 x86_64
libc:glibc 2.17 NPTL 2.17 
rlimit: STACK 8192k, CORE 0k, NPROC 63018, NOFILE 4096, AS infinity
load average:0.78 0.74 0.60

/proc/meminfo:
MemTotal:        8085532 kB
MemFree:         1429456 kB
Buffers:          349400 kB
Cached:          2961968 kB
SwapCached:            0 kB
Active:          3988012 kB
Inactive:        2257848 kB
Active(anon):    2960436 kB
Inactive(anon):   717960 kB
Active(file):    1027576 kB
Inactive(file):  1539888 kB
Unevictable:          44 kB
Mlocked:              44 kB
SwapTotal:       4194300 kB
SwapFree:        4194300 kB
Dirty:               248 kB
Writeback:             0 kB
AnonPages:       2934752 kB
Mapped:           411828 kB
Shmem:            743908 kB
Slab:             255608 kB
SReclaimable:     214956 kB
SUnreclaim:        40652 kB
KernelStack:        6760 kB
PageTables:        59568 kB
NFS_Unstable:          0 kB
Bounce:                0 kB
WritebackTmp:          0 kB
CommitLimit:     8237064 kB
Committed_AS:    8728860 kB
VmallocTotal:   34359738367 kB
VmallocUsed:      552848 kB
VmallocChunk:   34359177692 kB
HardwareCorrupted:     0 kB
AnonHugePages:         0 kB
HugePages_Total:       0
HugePages_Free:        0
HugePages_Rsvd:        0
HugePages_Surp:        0
Hugepagesize:       2048 kB
DirectMap4k:       61440 kB
DirectMap2M:     8245248 kB


CPU:total 4 (2 cores per cpu, 2 threads per core) family 6 model 42 stepping 7, cmov, cx8, fxsr, mmx, sse, sse2, sse3, ssse3, sse4.1, sse4.2, popcnt, avx, aes, ht, tsc, tscinvbit

/proc/cpuinfo:
processor	: 0
vendor_id	: GenuineIntel
cpu family	: 6
model		: 42
model name	: Intel(R) Core(TM) i5-2450M CPU @ 2.50GHz
stepping	: 7
microcode	: 0x1a
cpu MHz		: 2500.000
cache size	: 3072 KB
physical id	: 0
siblings	: 4
core id		: 0
cpu cores	: 2
apicid		: 0
initial apicid	: 0
fpu		: yes
fpu_exception	: yes
cpuid level	: 13
wp		: yes
flags		: fpu vme de pse tsc msr pae mce cx8 apic sep mtrr pge mca cmov pat pse36 clflush dts acpi mmx fxsr sse sse2 ss ht tm pbe syscall nx rdtscp lm constant_tsc arch_perfmon pebs bts rep_good nopl xtopology nonstop_tsc aperfmperf eagerfpu pni pclmulqdq dtes64 monitor ds_cpl vmx est tm2 ssse3 cx16 xtpr pdcm pcid sse4_1 sse4_2 x2apic popcnt tsc_deadline_timer aes xsave avx lahf_lm ida arat epb xsaveopt pln pts dtherm tpr_shadow vnmi flexpriority ept vpid
bogomips	: 4988.22
clflush size	: 64
cache_alignment	: 64
address sizes	: 36 bits physical, 48 bits virtual
power management:

processor	: 1
vendor_id	: GenuineIntel
cpu family	: 6
model		: 42
model name	: Intel(R) Core(TM) i5-2450M CPU @ 2.50GHz
stepping	: 7
microcode	: 0x1a
cpu MHz		: 1800.000
cache size	: 3072 KB
physical id	: 0
siblings	: 4
core id		: 0
cpu cores	: 2
apicid		: 1
initial apicid	: 1
fpu		: yes
fpu_exception	: yes
cpuid level	: 13
wp		: yes
flags		: fpu vme de pse tsc msr pae mce cx8 apic sep mtrr pge mca cmov pat pse36 clflush dts acpi mmx fxsr sse sse2 ss ht tm pbe syscall nx rdtscp lm constant_tsc arch_perfmon pebs bts rep_good nopl xtopology nonstop_tsc aperfmperf eagerfpu pni pclmulqdq dtes64 monitor ds_cpl vmx est tm2 ssse3 cx16 xtpr pdcm pcid sse4_1 sse4_2 x2apic popcnt tsc_deadline_timer aes xsave avx lahf_lm ida arat epb xsaveopt pln pts dtherm tpr_shadow vnmi flexpriority ept vpid
bogomips	: 4988.22
clflush size	: 64
cache_alignment	: 64
address sizes	: 36 bits physical, 48 bits virtual
power management:

processor	: 2
vendor_id	: GenuineIntel
cpu family	: 6
model		: 42
model name	: Intel(R) Core(TM) i5-2450M CPU @ 2.50GHz
stepping	: 7
microcode	: 0x1a
cpu MHz		: 2500.000
cache size	: 3072 KB
physical id	: 0
siblings	: 4
core id		: 1
cpu cores	: 2
apicid		: 2
initial apicid	: 2
fpu		: yes
fpu_exception	: yes
cpuid level	: 13
wp		: yes
flags		: fpu vme de pse tsc msr pae mce cx8 apic sep mtrr pge mca cmov pat pse36 clflush dts acpi mmx fxsr sse sse2 ss ht tm pbe syscall nx rdtscp lm constant_tsc arch_perfmon pebs bts rep_good nopl xtopology nonstop_tsc aperfmperf eagerfpu pni pclmulqdq dtes64 monitor ds_cpl vmx est tm2 ssse3 cx16 xtpr pdcm pcid sse4_1 sse4_2 x2apic popcnt tsc_deadline_timer aes xsave avx lahf_lm ida arat epb xsaveopt pln pts dtherm tpr_shadow vnmi flexpriority ept vpid
bogomips	: 4988.22
clflush size	: 64
cache_alignment	: 64
address sizes	: 36 bits physical, 48 bits virtual
power management:

processor	: 3
vendor_id	: GenuineIntel
cpu family	: 6
model		: 42
model name	: Intel(R) Core(TM) i5-2450M CPU @ 2.50GHz
stepping	: 7
microcode	: 0x1a
cpu MHz		: 2500.000
cache size	: 3072 KB
physical id	: 0
siblings	: 4
core id		: 1
cpu cores	: 2
apicid		: 3
initial apicid	: 3
fpu		: yes
fpu_exception	: yes
cpuid level	: 13
wp		: yes
flags		: fpu vme de pse tsc msr pae mce cx8 apic sep mtrr pge mca cmov pat pse36 clflush dts acpi mmx fxsr sse sse2 ss ht tm pbe syscall nx rdtscp lm constant_tsc arch_perfmon pebs bts rep_good nopl xtopology nonstop_tsc aperfmperf eagerfpu pni pclmulqdq dtes64 monitor ds_cpl vmx est tm2 ssse3 cx16 xtpr pdcm pcid sse4_1 sse4_2 x2apic popcnt tsc_deadline_timer aes xsave avx lahf_lm ida arat epb xsaveopt pln pts dtherm tpr_shadow vnmi flexpriority ept vpid
bogomips	: 4988.22
clflush size	: 64
cache_alignment	: 64
address sizes	: 36 bits physical, 48 bits virtual
power management:



Memory: 4k page, physical 8085532k(1429456k free), swap 4194300k(4194300k free)

vm_info: OpenJDK 64-Bit Server VM (24.45-b08) for linux-amd64 JRE (1.7.0_51-b00), built on Jan 16 2014 18:17:06 by "buildd" with gcc 4.7.3

time: Wed Apr  9 18:56:29 2014
elapsed time: 18 seconds

